Using pre-set license
Built from '2022.3/staging' branch; Version is '2022.3.62f1 (4af31df58517) revision 4911901'; Using compiler version '192829333'; Build Type 'Release'
OS: 'Windows 10  (10.0.19045) 64bit Professional' Language: 'es' Physical Memory: 16311 MB
BatchMode: 1, IsHumanControllingUs: 0, StartBugReporterOnCrash: 0, Is64bit: 1, IsPro: 1

COMMAND LINE ARGUMENTS:
E:\Program Files\Unity Hub\Editor\2022.3.62f1\Editor\Unity.exe
-adb2
-batchMode
-noUpm
-name
AssetImportWorker0
-projectPath
F:/Escritorio/PROYECTODEGRADO/PROYECTODEGRADO/VIDEOJUEGO
-logFile
Logs/AssetImportWorker0.log
-srvPort
53036
Successfully changed project path to: F:/Escritorio/PROYECTODEGRADO/PROYECTODEGRADO/VIDEOJUEGO
F:/Escritorio/PROYECTODEGRADO/PROYECTODEGRADO/VIDEOJUEGO
[UnityMemory] Configuration Parameters - Can be set up in boot.config
    "memorysetup-bucket-allocator-granularity=16"
    "memorysetup-bucket-allocator-bucket-count=8"
    "memorysetup-bucket-allocator-block-size=33554432"
    "memorysetup-bucket-allocator-block-count=8"
    "memorysetup-main-allocator-block-size=16777216"
    "memorysetup-thread-allocator-block-size=16777216"
    "memorysetup-gfx-main-allocator-block-size=16777216"
    "memorysetup-gfx-thread-allocator-block-size=16777216"
    "memorysetup-cache-allocator-block-size=4194304"
    "memorysetup-typetree-allocator-block-size=2097152"
    "memorysetup-profiler-bucket-allocator-granularity=16"
    "memorysetup-profiler-bucket-allocator-bucket-count=8"
    "memorysetup-profiler-bucket-allocator-block-size=33554432"
    "memorysetup-profiler-bucket-allocator-block-count=8"
    "memorysetup-profiler-allocator-block-size=16777216"
    "memorysetup-profiler-editor-allocator-block-size=1048576"
    "memorysetup-temp-allocator-size-main=16777216"
    "memorysetup-job-temp-allocator-block-size=2097152"
    "memorysetup-job-temp-allocator-block-size-background=1048576"
    "memorysetup-job-temp-allocator-reduction-small-platforms=262144"
    "memorysetup-allocator-temp-initial-block-size-main=262144"
    "memorysetup-allocator-temp-initial-block-size-worker=262144"
    "memorysetup-temp-allocator-size-background-worker=32768"
    "memorysetup-temp-allocator-size-job-worker=262144"
    "memorysetup-temp-allocator-size-preload-manager=33554432"
    "memorysetup-temp-allocator-size-nav-mesh-worker=65536"
    "memorysetup-temp-allocator-size-audio-worker=65536"
    "memorysetup-temp-allocator-size-cloud-worker=32768"
    "memorysetup-temp-allocator-size-gi-baking-worker=262144"
    "memorysetup-temp-allocator-size-gfx=262144"
Player connection [22664]  Target information:

Player connection [22664]  * "[IP] 192.168.0.4 [Port] 0 [Flags] 2 [Guid] 1150441955 [EditorId] 1150441955 [Version] 1048832 [Id] WindowsEditor(7,DESKTOP-I2AGRN9) [Debug] 1 [PackageName] WindowsEditor [ProjectName] Editor" 

Player connection [22664] Host joined multi-casting on [225.0.0.222:54997]...
Player connection [22664] Host joined alternative multi-casting on [225.0.0.222:34997]...
Input System module state changed to: Initialized.
[PhysX] Initialized MultithreadedTaskDispatcher with 8 workers.
Refreshing native plugins compatible for Editor in 4.81 ms, found 3 plugins.
Preloading 0 native plugins for Editor in 0.00 ms.
Initialize engine version: 2022.3.62f1 (4af31df58517)
[Subsystems] Discovering subsystems at path E:/Program Files/Unity Hub/Editor/2022.3.62f1/Editor/Data/Resources/UnitySubsystems
[Subsystems] Discovering subsystems at path F:/Escritorio/PROYECTODEGRADO/PROYECTODEGRADO/VIDEOJUEGO/Assets
GfxDevice: creating device client; threaded=0; jobified=0
Direct3D:
    Version:  Direct3D 11.0 [level 11.1]
    Renderer: NVIDIA GeForce RTX 3050 (ID=0x2582)
    Vendor:   NVIDIA
    VRAM:     8042 MB
    Driver:   32.0.15.8142
Initialize mono
Mono path[0] = 'E:/Program Files/Unity Hub/Editor/2022.3.62f1/Editor/Data/Managed'
Mono path[1] = 'E:/Program Files/Unity Hub/Editor/2022.3.62f1/Editor/Data/MonoBleedingEdge/lib/mono/unityjit-win32'
Mono config path = 'E:/Program Files/Unity Hub/Editor/2022.3.62f1/Editor/Data/MonoBleedingEdge/etc'
Using monoOptions --debugger-agent=transport=dt_socket,embedding=1,server=y,suspend=n,address=127.0.0.1:56264
Begin MonoManager ReloadAssembly
Registering precompiled unity dll's ...
Register platform support module: E:/Program Files/Unity Hub/Editor/2022.3.62f1/Editor/Data/PlaybackEngines/WebGLSupport/UnityEditor.WebGL.Extensions.dll
Register platform support module: E:/Program Files/Unity Hub/Editor/2022.3.62f1/Editor/Data/PlaybackEngines/AndroidPlayer/UnityEditor.Android.Extensions.dll
Register platform support module: E:/Program Files/Unity Hub/Editor/2022.3.62f1/Editor/Data/PlaybackEngines/WindowsStandaloneSupport/UnityEditor.WindowsStandalone.Extensions.dll
Register platform support module: E:/Program Files/Unity Hub/Editor/2022.3.62f1/Editor/Data/PlaybackEngines/MetroSupport/UnityEditor.UWP.Extensions.dll
Registered in 0.006359 seconds.
- Loaded All Assemblies, in  0.366 seconds
Native extension for UWP target not found
Native extension for WindowsStandalone target not found
Native extension for Android target not found
Android Extension - Scanning For ADB Devices 207 ms
Native extension for WebGL target not found
Mono: successfully reloaded assembly
- Finished resetting the current domain, in  0.497 seconds
Domain Reload Profiling: 863ms
	BeginReloadAssembly (121ms)
		ExecutionOrderSort (0ms)
		DisableScriptedObjects (0ms)
		BackupInstance (0ms)
		ReleaseScriptingObjects (0ms)
		CreateAndSetChildDomain (1ms)
	RebuildCommonClasses (33ms)
	RebuildNativeTypeToScriptingClass (10ms)
	initialDomainReloadingComplete (50ms)
	LoadAllAssembliesAndSetupDomain (152ms)
		LoadAssemblies (122ms)
		RebuildTransferFunctionScriptingTraits (0ms)
		AnalyzeDomain (149ms)
			TypeCache.Refresh (148ms)
				TypeCache.ScanAssembly (134ms)
			ScanForSourceGeneratedMonoScriptInfo (0ms)
			ResolveRequiredComponents (0ms)
	FinalizeReload (498ms)
		ReleaseScriptCaches (0ms)
		RebuildScriptCaches (0ms)
		SetupLoadedEditorAssemblies (452ms)
			LogAssemblyErrors (0ms)
			InitializePlatformSupportModulesInManaged (286ms)
			SetLoadedEditorAssemblies (5ms)
			RefreshPlugins (0ms)
			BeforeProcessingInitializeOnLoad (2ms)
			ProcessInitializeOnLoadAttributes (115ms)
			ProcessInitializeOnLoadMethodAttributes (44ms)
			AfterProcessingInitializeOnLoad (0ms)
			EditorAssembliesLoaded (0ms)
		ExecutionOrderSort2 (0ms)
		AwakeInstancesAfterBackupRestoration (0ms)
========================================================================
Worker process is ready to serve import requests
Caller must complete domain reload
Begin MonoManager ReloadAssembly
- Loaded All Assemblies, in  0.615 seconds
Native extension for UWP target not found
Native extension for WindowsStandalone target not found
Native extension for Android target not found
Native extension for WebGL target not found
Mono: successfully reloaded assembly
- Finished resetting the current domain, in  0.677 seconds
Domain Reload Profiling: 1292ms
	BeginReloadAssembly (160ms)
		ExecutionOrderSort (0ms)
		DisableScriptedObjects (6ms)
		BackupInstance (0ms)
		ReleaseScriptingObjects (0ms)
		CreateAndSetChildDomain (22ms)
	RebuildCommonClasses (32ms)
	RebuildNativeTypeToScriptingClass (10ms)
	initialDomainReloadingComplete (36ms)
	LoadAllAssembliesAndSetupDomain (377ms)
		LoadAssemblies (298ms)
		RebuildTransferFunctionScriptingTraits (0ms)
		AnalyzeDomain (180ms)
			TypeCache.Refresh (160ms)
				TypeCache.ScanAssembly (145ms)
			ScanForSourceGeneratedMonoScriptInfo (14ms)
			ResolveRequiredComponents (5ms)
	FinalizeReload (677ms)
		ReleaseScriptCaches (0ms)
		RebuildScriptCaches (0ms)
		SetupLoadedEditorAssemblies (533ms)
			LogAssemblyErrors (0ms)
			InitializePlatformSupportModulesInManaged (17ms)
			SetLoadedEditorAssemblies (3ms)
			RefreshPlugins (0ms)
			BeforeProcessingInitializeOnLoad (48ms)
			ProcessInitializeOnLoadAttributes (445ms)
			ProcessInitializeOnLoadMethodAttributes (18ms)
			AfterProcessingInitializeOnLoad (2ms)
			EditorAssembliesLoaded (0ms)
		ExecutionOrderSort2 (0ms)
		AwakeInstancesAfterBackupRestoration (5ms)
Launched and connected shader compiler UnityShaderCompiler.exe after 0.09 seconds
Refreshing native plugins compatible for Editor in 1.61 ms, found 3 plugins.
Preloading 0 native plugins for Editor in 0.00 ms.
Unloading 3247 Unused Serialized files (Serialized files now loaded: 0)
Unloading 19 unused Assets / (54.5 KB). Loaded Objects now: 3716.
Memory consumption went from 121.8 MB to 121.8 MB.
Total: 3.048300 ms (FindLiveObjects: 0.230400 ms CreateObjectMapping: 0.145000 ms MarkObjects: 2.608000 ms  DeleteObjects: 0.064200 ms)

AssetImportParameters requested are different than current active one (requested -> active):
  custom:container-demuxer-ogg: 62fdf1f143b41e24485cea50d1cbac27 -> 
  custom:video-codec-MediaFoundation-h265: 746d11721c4dcdbdad8f713fa42b33f4 -> 
  custom:video-decoder-ogg-theora: a1e56fd34408186e4bbccfd4996cb3dc -> 
  custom:framework-win-MediaFoundation: 216162199b28c13a410421893ffa2e32 -> 
  custom:CustomObjectIndexerAttribute: 9a22284fe3817be447336de3de66b15e -> 
  custom:container-demuxer-webm: 4f35f7cbe854078d1ac9338744f61a02 -> 
  custom:container-muxer-webm: aa71ff27fc2769a1b78a27578f13a17b -> 
  custom:video-decoder-webm-vp8: 9c59270c3fd7afecdb556c50c9e8de78 -> 
  custom:SearchIndexIgnoredProperties: e643bd26f0fe6173181afceb89e7c659 -> 
  custom:AudioImporter_EditorPlatform: d09bf68614088b80899f8185d706f6e7 -> 
  custom:video-encoder-webm-vp8: eb34c28f22e8b96e1ab97ce403110664 -> 
  custom:audio-decoder-ogg-vorbis: bf7c407c2cedff20999df2af8eb42d56 -> 
  custom:audio-encoder-webm-vorbis: bf7c407c2cedff20999df2af8eb42d56 -> 
========================================================================
Received Import Request.
  Time since last request: 4917047.911130 seconds.
  path: Assets/Models/Story1
  artifactKey: Guid(a1cc6f92eecaebe46b1d59bd79b10693) Importer(815301076,1909f56bfc062723c751e8b465ee728b)
Start importing Assets/Models/Story1 using Guid(a1cc6f92eecaebe46b1d59bd79b10693) Importer(815301076,1909f56bfc062723c751e8b465ee728b) [PhysX] Initialized MultithreadedTaskDispatcher with 8 workers.
 -> (artifact id: '206697cec57745a43ba49a39de22026a') in 0.002301 seconds
Number of updated asset objects reloaded before import = 0
Number of asset objects unloaded after import = 0
========================================================================
Received Import Request.
  Time since last request: 0.127771 seconds.
  path: Assets/Models/Story1/Edificios
  artifactKey: Guid(b21fad8dd28cd5b44afc7da1d79f1c05) Importer(815301076,1909f56bfc062723c751e8b465ee728b)
Start importing Assets/Models/Story1/Edificios using Guid(b21fad8dd28cd5b44afc7da1d79f1c05) Importer(815301076,1909f56bfc062723c751e8b465ee728b) [PhysX] Initialized MultithreadedTaskDispatcher with 8 workers.
 -> (artifact id: 'ffc8657f7da042a4d3541018c477f936') in 0.000467 seconds
Number of updated asset objects reloaded before import = 0
Number of asset objects unloaded after import = 0
========================================================================
Received Import Request.
  Time since last request: 2866.968875 seconds.
  path: Assets/Models/Story1/Edificios/edificioymca.fbx
  artifactKey: Guid(57ffe2242d765084caf619c2a9ad5a71) Importer(815301076,1909f56bfc062723c751e8b465ee728b)
Start importing Assets/Models/Story1/Edificios/edificioymca.fbx using Guid(57ffe2242d765084caf619c2a9ad5a71) Importer(815301076,1909f56bfc062723c751e8b465ee728b) [PhysX] Initialized MultithreadedTaskDispatcher with 8 workers.
[PhysX] Initialized MultithreadedTaskDispatcher with 8 workers.
[PhysX] Initialized MultithreadedTaskDispatcher with 8 workers.
[PhysX] Initialized MultithreadedTaskDispatcher with 8 workers.
[PhysX] Initialized MultithreadedTaskDispatcher with 8 workers.
[PhysX] Initialized MultithreadedTaskDispatcher with 8 workers.
[PhysX] Initialized MultithreadedTaskDispatcher with 8 workers.
[PhysX] Initialized MultithreadedTaskDispatcher with 8 workers.
[PhysX] Initialized MultithreadedTaskDispatcher with 8 workers.
[PhysX] Initialized MultithreadedTaskDispatcher with 8 workers.
[PhysX] Initialized MultithreadedTaskDispatcher with 8 workers.
[PhysX] Initialized MultithreadedTaskDispatcher with 8 workers.
[PhysX] Initialized MultithreadedTaskDispatcher with 8 workers.
[PhysX] Initialized MultithreadedTaskDispatcher with 8 workers.
[PhysX] Initialized MultithreadedTaskDispatcher with 8 workers.
[PhysX] Initialized MultithreadedTaskDispatcher with 8 workers.
[PhysX] Initialized MultithreadedTaskDispatcher with 8 workers.
[PhysX] Initialized MultithreadedTaskDispatcher with 8 workers.
[PhysX] Initialized MultithreadedTaskDispatcher with 8 workers.
 -> (artifact id: 'cc84824ef0156b24f8009dd634c14e0c') in 0.286819 seconds
Number of updated asset objects reloaded before import = 0
Number of asset objects unloaded after import = 29
========================================================================
Received Import Request.
  Time since last request: 101.713350 seconds.
  path: Assets/Models/Story1/Edificios/edificioymca.fbx
  artifactKey: Guid(57ffe2242d765084caf619c2a9ad5a71) Importer(815301076,1909f56bfc062723c751e8b465ee728b)
Start importing Assets/Models/Story1/Edificios/edificioymca.fbx using Guid(57ffe2242d765084caf619c2a9ad5a71) Importer(815301076,1909f56bfc062723c751e8b465ee728b) [PhysX] Initialized MultithreadedTaskDispatcher with 8 workers.
[PhysX] Initialized MultithreadedTaskDispatcher with 8 workers.
[PhysX] Initialized MultithreadedTaskDispatcher with 8 workers.
[PhysX] Initialized MultithreadedTaskDispatcher with 8 workers.
[PhysX] Initialized MultithreadedTaskDispatcher with 8 workers.
[PhysX] Initialized MultithreadedTaskDispatcher with 8 workers.
[PhysX] Initialized MultithreadedTaskDispatcher with 8 workers.
[PhysX] Initialized MultithreadedTaskDispatcher with 8 workers.
[PhysX] Initialized MultithreadedTaskDispatcher with 8 workers.
[PhysX] Initialized MultithreadedTaskDispatcher with 8 workers.
[PhysX] Initialized MultithreadedTaskDispatcher with 8 workers.
[PhysX] Initialized MultithreadedTaskDispatcher with 8 workers.
[PhysX] Initialized MultithreadedTaskDispatcher with 8 workers.
[PhysX] Initialized MultithreadedTaskDispatcher with 8 workers.
[PhysX] Initialized MultithreadedTaskDispatcher with 8 workers.
[PhysX] Initialized MultithreadedTaskDispatcher with 8 workers.
[PhysX] Initialized MultithreadedTaskDispatcher with 8 workers.
[PhysX] Initialized MultithreadedTaskDispatcher with 8 workers.
[PhysX] Initialized MultithreadedTaskDispatcher with 8 workers.
 -> (artifact id: '401c3572522db16da73909f02995745b') in 0.080117 seconds
Number of updated asset objects reloaded before import = 0
Number of asset objects unloaded after import = 29
========================================================================
Received Import Request.
  Time since last request: 135.541711 seconds.
  path: Assets/Models/Story1/Edificios/edificioymca.fbx
  artifactKey: Guid(57ffe2242d765084caf619c2a9ad5a71) Importer(815301076,1909f56bfc062723c751e8b465ee728b)
Start importing Assets/Models/Story1/Edificios/edificioymca.fbx using Guid(57ffe2242d765084caf619c2a9ad5a71) Importer(815301076,1909f56bfc062723c751e8b465ee728b) [PhysX] Initialized MultithreadedTaskDispatcher with 8 workers.
[PhysX] Initialized MultithreadedTaskDispatcher with 8 workers.
[PhysX] Initialized MultithreadedTaskDispatcher with 8 workers.
[PhysX] Initialized MultithreadedTaskDispatcher with 8 workers.
[PhysX] Initialized MultithreadedTaskDispatcher with 8 workers.
[PhysX] Initialized MultithreadedTaskDispatcher with 8 workers.
[PhysX] Initialized MultithreadedTaskDispatcher with 8 workers.
[PhysX] Initialized MultithreadedTaskDispatcher with 8 workers.
[PhysX] Initialized MultithreadedTaskDispatcher with 8 workers.
[PhysX] Initialized MultithreadedTaskDispatcher with 8 workers.
[PhysX] Initialized MultithreadedTaskDispatcher with 8 workers.
[PhysX] Initialized MultithreadedTaskDispatcher with 8 workers.
[PhysX] Initialized MultithreadedTaskDispatcher with 8 workers.
[PhysX] Initialized MultithreadedTaskDispatcher with 8 workers.
[PhysX] Initialized MultithreadedTaskDispatcher with 8 workers.
[PhysX] Initialized MultithreadedTaskDispatcher with 8 workers.
[PhysX] Initialized MultithreadedTaskDispatcher with 8 workers.
[PhysX] Initialized MultithreadedTaskDispatcher with 8 workers.
[PhysX] Initialized MultithreadedTaskDispatcher with 8 workers.
 -> (artifact id: '2c21943e5d1376db1a5184d2eaaa5237') in 0.069732 seconds
Number of updated asset objects reloaded before import = 0
Number of asset objects unloaded after import = 29
========================================================================
Received Import Request.
  Time since last request: 64.974373 seconds.
  path: Assets/Models/Story1/Edificios/edificioymca.fbx
  artifactKey: Guid(57ffe2242d765084caf619c2a9ad5a71) Importer(815301076,1909f56bfc062723c751e8b465ee728b)
Start importing Assets/Models/Story1/Edificios/edificioymca.fbx using Guid(57ffe2242d765084caf619c2a9ad5a71) Importer(815301076,1909f56bfc062723c751e8b465ee728b) [PhysX] Initialized MultithreadedTaskDispatcher with 8 workers.
[PhysX] Initialized MultithreadedTaskDispatcher with 8 workers.
[PhysX] Initialized MultithreadedTaskDispatcher with 8 workers.
[PhysX] Initialized MultithreadedTaskDispatcher with 8 workers.
[PhysX] Initialized MultithreadedTaskDispatcher with 8 workers.
[PhysX] Initialized MultithreadedTaskDispatcher with 8 workers.
[PhysX] Initialized MultithreadedTaskDispatcher with 8 workers.
[PhysX] Initialized MultithreadedTaskDispatcher with 8 workers.
[PhysX] Initialized MultithreadedTaskDispatcher with 8 workers.
[PhysX] Initialized MultithreadedTaskDispatcher with 8 workers.
[PhysX] Initialized MultithreadedTaskDispatcher with 8 workers.
[PhysX] Initialized MultithreadedTaskDispatcher with 8 workers.
[PhysX] Initialized MultithreadedTaskDispatcher with 8 workers.
[PhysX] Initialized MultithreadedTaskDispatcher with 8 workers.
[PhysX] Initialized MultithreadedTaskDispatcher with 8 workers.
[PhysX] Initialized MultithreadedTaskDispatcher with 8 workers.
[PhysX] Initialized MultithreadedTaskDispatcher with 8 workers.
[PhysX] Initialized MultithreadedTaskDispatcher with 8 workers.
[PhysX] Initialized MultithreadedTaskDispatcher with 8 workers.
 -> (artifact id: 'd64f378a99987f744eeebc5127951a99') in 0.146582 seconds
Number of updated asset objects reloaded before import = 0
Number of asset objects unloaded after import = 29
========================================================================
Received Import Request.
  Time since last request: 813.839920 seconds.
  path: Assets/Models/Story1/Edificios/monoblockbloque1.fbx
  artifactKey: Guid(83c9075494e2dda49a2544fa2631e88e) Importer(815301076,1909f56bfc062723c751e8b465ee728b)
Start importing Assets/Models/Story1/Edificios/monoblockbloque1.fbx using Guid(83c9075494e2dda49a2544fa2631e88e) Importer(815301076,1909f56bfc062723c751e8b465ee728b) [PhysX] Initialized MultithreadedTaskDispatcher with 8 workers.
[PhysX] Initialized MultithreadedTaskDispatcher with 8 workers.
[PhysX] Initialized MultithreadedTaskDispatcher with 8 workers.
[PhysX] Initialized MultithreadedTaskDispatcher with 8 workers.
[PhysX] Initialized MultithreadedTaskDispatcher with 8 workers.
[PhysX] Initialized MultithreadedTaskDispatcher with 8 workers.
[PhysX] Initialized MultithreadedTaskDispatcher with 8 workers.
[PhysX] Initialized MultithreadedTaskDispatcher with 8 workers.
[PhysX] Initialized MultithreadedTaskDispatcher with 8 workers.
[PhysX] Initialized MultithreadedTaskDispatcher with 8 workers.
[PhysX] Initialized MultithreadedTaskDispatcher with 8 workers.
[PhysX] Initialized MultithreadedTaskDispatcher with 8 workers.
[PhysX] Initialized MultithreadedTaskDispatcher with 8 workers.
[PhysX] Initialized MultithreadedTaskDispatcher with 8 workers.
[PhysX] Initialized MultithreadedTaskDispatcher with 8 workers.
[PhysX] Initialized MultithreadedTaskDispatcher with 8 workers.
[PhysX] Initialized MultithreadedTaskDispatcher with 8 workers.
[PhysX] Initialized MultithreadedTaskDispatcher with 8 workers.
[PhysX] Initialized MultithreadedTaskDispatcher with 8 workers.
[PhysX] Initialized MultithreadedTaskDispatcher with 8 workers.
[PhysX] Initialized MultithreadedTaskDispatcher with 8 workers.
[PhysX] Initialized MultithreadedTaskDispatcher with 8 workers.
[PhysX] Initialized MultithreadedTaskDispatcher with 8 workers.
[PhysX] Initialized MultithreadedTaskDispatcher with 8 workers.
[PhysX] Initialized MultithreadedTaskDispatcher with 8 workers.
[PhysX] Initialized MultithreadedTaskDispatcher with 8 workers.
[PhysX] Initialized MultithreadedTaskDispatcher with 8 workers.
[PhysX] Initialized MultithreadedTaskDispatcher with 8 workers.
[PhysX] Initialized MultithreadedTaskDispatcher with 8 workers.
[PhysX] Initialized MultithreadedTaskDispatcher with 8 workers.
[PhysX] Initialized MultithreadedTaskDispatcher with 8 workers.
[PhysX] Initialized MultithreadedTaskDispatcher with 8 workers.
[PhysX] Initialized MultithreadedTaskDispatcher with 8 workers.
[PhysX] Initialized MultithreadedTaskDispatcher with 8 workers.
[PhysX] Initialized MultithreadedTaskDispatcher with 8 workers.
[PhysX] Initialized MultithreadedTaskDispatcher with 8 workers.
[PhysX] Initialized MultithreadedTaskDispatcher with 8 workers.
[PhysX] Initialized MultithreadedTaskDispatcher with 8 workers.
[PhysX] Initialized MultithreadedTaskDispatcher with 8 workers.
[PhysX] Initialized MultithreadedTaskDispatcher with 8 workers.
[PhysX] Initialized MultithreadedTaskDispatcher with 8 workers.
[PhysX] Initialized MultithreadedTaskDispatcher with 8 workers.
[PhysX] Initialized MultithreadedTaskDispatcher with 8 workers.
[PhysX] Initialized MultithreadedTaskDispatcher with 8 workers.
[PhysX] Initialized MultithreadedTaskDispatcher with 8 workers.
[PhysX] Initialized MultithreadedTaskDispatcher with 8 workers.
[PhysX] Initialized MultithreadedTaskDispatcher with 8 workers.
 -> (artifact id: '25ace21ac885bc107db05528421898c4') in 0.154359 seconds
Number of updated asset objects reloaded before import = 0
Number of asset objects unloaded after import = 52
========================================================================
Received Import Request.
  Time since last request: 4.126151 seconds.
  path: Assets/Models/Story1/Edificios/monoblockbloque1.fbx
  artifactKey: Guid(83c9075494e2dda49a2544fa2631e88e) Importer(815301076,1909f56bfc062723c751e8b465ee728b)
Start importing Assets/Models/Story1/Edificios/monoblockbloque1.fbx using Guid(83c9075494e2dda49a2544fa2631e88e) Importer(815301076,1909f56bfc062723c751e8b465ee728b) [PhysX] Initialized MultithreadedTaskDispatcher with 8 workers.
[PhysX] Initialized MultithreadedTaskDispatcher with 8 workers.
[PhysX] Initialized MultithreadedTaskDispatcher with 8 workers.
 -> (artifact id: '98235a697d2d64a4cfb3b44cce04720d') in 0.043845 seconds
Number of updated asset objects reloaded before import = 0
Number of asset objects unloaded after import = 25
========================================================================
Received Import Request.
  Time since last request: 1065.492483 seconds.
  path: Assets/Models/Story1/Edificios/monoblockbloquederecho.fbx
  artifactKey: Guid(e6b24809e85863548a56e7a97425ec4c) Importer(815301076,1909f56bfc062723c751e8b465ee728b)
Start importing Assets/Models/Story1/Edificios/monoblockbloquederecho.fbx using Guid(e6b24809e85863548a56e7a97425ec4c) Importer(815301076,1909f56bfc062723c751e8b465ee728b) [PhysX] Initialized MultithreadedTaskDispatcher with 8 workers.
[PhysX] Initialized MultithreadedTaskDispatcher with 8 workers.
[PhysX] Initialized MultithreadedTaskDispatcher with 8 workers.
[PhysX] Initialized MultithreadedTaskDispatcher with 8 workers.
[PhysX] Initialized MultithreadedTaskDispatcher with 8 workers.
[PhysX] Initialized MultithreadedTaskDispatcher with 8 workers.
[PhysX] Initialized MultithreadedTaskDispatcher with 8 workers.
[PhysX] Initialized MultithreadedTaskDispatcher with 8 workers.
[PhysX] Initialized MultithreadedTaskDispatcher with 8 workers.
[PhysX] Initialized MultithreadedTaskDispatcher with 8 workers.
 -> (artifact id: 'ea69d3a6f9cc3f5f05802946c1ae84ce') in 0.059542 seconds
Number of updated asset objects reloaded before import = 0
Number of asset objects unloaded after import = 14
========================================================================
Received Import Request.
  Time since last request: 6.743467 seconds.
  path: Assets/Models/Story1/Edificios/monoblockbloquederecho.fbx
  artifactKey: Guid(e6b24809e85863548a56e7a97425ec4c) Importer(815301076,1909f56bfc062723c751e8b465ee728b)
Start importing Assets/Models/Story1/Edificios/monoblockbloquederecho.fbx using Guid(e6b24809e85863548a56e7a97425ec4c) Importer(815301076,1909f56bfc062723c751e8b465ee728b) [PhysX] Initialized MultithreadedTaskDispatcher with 8 workers.
[PhysX] Initialized MultithreadedTaskDispatcher with 8 workers.
[PhysX] Initialized MultithreadedTaskDispatcher with 8 workers.
 -> (artifact id: 'a4898f120c0f0ce3b378dc92418503ef') in 0.034604 seconds
Number of updated asset objects reloaded before import = 0
Number of asset objects unloaded after import = 13
========================================================================
Received Import Request.
  Time since last request: 173.913191 seconds.
  path: Assets/Models/Story1/Edificios/monoblockbloqueizquierdo.fbx
  artifactKey: Guid(3268ed278b46cea409f01016bb50e533) Importer(815301076,1909f56bfc062723c751e8b465ee728b)
Start importing Assets/Models/Story1/Edificios/monoblockbloqueizquierdo.fbx using Guid(3268ed278b46cea409f01016bb50e533) Importer(815301076,1909f56bfc062723c751e8b465ee728b) [PhysX] Initialized MultithreadedTaskDispatcher with 8 workers.
[PhysX] Initialized MultithreadedTaskDispatcher with 8 workers.
[PhysX] Initialized MultithreadedTaskDispatcher with 8 workers.
[PhysX] Initialized MultithreadedTaskDispatcher with 8 workers.
[PhysX] Initialized MultithreadedTaskDispatcher with 8 workers.
[PhysX] Initialized MultithreadedTaskDispatcher with 8 workers.
[PhysX] Initialized MultithreadedTaskDispatcher with 8 workers.
 -> (artifact id: 'd2c1249b6ded61b39e2989bc058bd3a6') in 0.030382 seconds
Number of updated asset objects reloaded before import = 0
Number of asset objects unloaded after import = 12
========================================================================
Received Import Request.
  Time since last request: 9.622751 seconds.
  path: Assets/Models/Story1/Edificios/monoblockbloqueizquierdo.fbx
  artifactKey: Guid(3268ed278b46cea409f01016bb50e533) Importer(815301076,1909f56bfc062723c751e8b465ee728b)
Start importing Assets/Models/Story1/Edificios/monoblockbloqueizquierdo.fbx using Guid(3268ed278b46cea409f01016bb50e533) Importer(815301076,1909f56bfc062723c751e8b465ee728b) [PhysX] Initialized MultithreadedTaskDispatcher with 8 workers.
[PhysX] Initialized MultithreadedTaskDispatcher with 8 workers.
[PhysX] Initialized MultithreadedTaskDispatcher with 8 workers.
 -> (artifact id: '805b69553f66ccc573db295561070e37') in 0.032624 seconds
Number of updated asset objects reloaded before import = 0
Number of asset objects unloaded after import = 15
========================================================================
Received Import Request.
  Time since last request: 104.025297 seconds.
  path: Assets/Models/Story1/Edificios/monoblockbloquetrasero.fbx
  artifactKey: Guid(bbd984619b615ab448b5f49e9fcb2b91) Importer(815301076,1909f56bfc062723c751e8b465ee728b)
Start importing Assets/Models/Story1/Edificios/monoblockbloquetrasero.fbx using Guid(bbd984619b615ab448b5f49e9fcb2b91) Importer(815301076,1909f56bfc062723c751e8b465ee728b) [PhysX] Initialized MultithreadedTaskDispatcher with 8 workers.
[PhysX] Initialized MultithreadedTaskDispatcher with 8 workers.
[PhysX] Initialized MultithreadedTaskDispatcher with 8 workers.
[PhysX] Initialized MultithreadedTaskDispatcher with 8 workers.
[PhysX] Initialized MultithreadedTaskDispatcher with 8 workers.
[PhysX] Initialized MultithreadedTaskDispatcher with 8 workers.
 -> (artifact id: 'd464240547bca0eaf5f2286123a243cd') in 0.048854 seconds
Number of updated asset objects reloaded before import = 0
Number of asset objects unloaded after import = 11
========================================================================
Received Import Request.
  Time since last request: 4.808654 seconds.
  path: Assets/Models/Story1/Edificios/monoblockbloquetrasero.fbx
  artifactKey: Guid(bbd984619b615ab448b5f49e9fcb2b91) Importer(815301076,1909f56bfc062723c751e8b465ee728b)
Start importing Assets/Models/Story1/Edificios/monoblockbloquetrasero.fbx using Guid(bbd984619b615ab448b5f49e9fcb2b91) Importer(815301076,1909f56bfc062723c751e8b465ee728b) [PhysX] Initialized MultithreadedTaskDispatcher with 8 workers.
[PhysX] Initialized MultithreadedTaskDispatcher with 8 workers.
[PhysX] Initialized MultithreadedTaskDispatcher with 8 workers.
 -> (artifact id: '67c1b36016ea33f9645e3e78105a3d1b') in 0.018329 seconds
Number of updated asset objects reloaded before import = 0
Number of asset objects unloaded after import = 11
========================================================================
Received Import Request.
  Time since last request: 168.038447 seconds.
  path: Assets/Models/Story1/Edificios/Tiendasfrenteumsa.fbx
  artifactKey: Guid(9f4af009d04b1434a8ab67a9e354d845) Importer(815301076,1909f56bfc062723c751e8b465ee728b)
Start importing Assets/Models/Story1/Edificios/Tiendasfrenteumsa.fbx using Guid(9f4af009d04b1434a8ab67a9e354d845) Importer(815301076,1909f56bfc062723c751e8b465ee728b) [PhysX] Initialized MultithreadedTaskDispatcher with 8 workers.
[PhysX] Initialized MultithreadedTaskDispatcher with 8 workers.
[PhysX] Initialized MultithreadedTaskDispatcher with 8 workers.
[PhysX] Initialized MultithreadedTaskDispatcher with 8 workers.
[PhysX] Initialized MultithreadedTaskDispatcher with 8 workers.
[PhysX] Initialized MultithreadedTaskDispatcher with 8 workers.
[PhysX] Initialized MultithreadedTaskDispatcher with 8 workers.
[PhysX] Initialized MultithreadedTaskDispatcher with 8 workers.
[PhysX] Initialized MultithreadedTaskDispatcher with 8 workers.
[PhysX] Initialized MultithreadedTaskDispatcher with 8 workers.
[PhysX] Initialized MultithreadedTaskDispatcher with 8 workers.
[PhysX] Initialized MultithreadedTaskDispatcher with 8 workers.
 -> (artifact id: 'af7e0187acefa6e4e6dc75b97f7526c8') in 0.059009 seconds
Number of updated asset objects reloaded before import = 0
Number of asset objects unloaded after import = 16
========================================================================
Received Import Request.
  Time since last request: 4.157305 seconds.
  path: Assets/Models/Story1/Edificios/Tiendasfrenteumsa.fbx
  artifactKey: Guid(9f4af009d04b1434a8ab67a9e354d845) Importer(815301076,1909f56bfc062723c751e8b465ee728b)
Start importing Assets/Models/Story1/Edificios/Tiendasfrenteumsa.fbx using Guid(9f4af009d04b1434a8ab67a9e354d845) Importer(815301076,1909f56bfc062723c751e8b465ee728b) [PhysX] Initialized MultithreadedTaskDispatcher with 8 workers.
[PhysX] Initialized MultithreadedTaskDispatcher with 8 workers.
[PhysX] Initialized MultithreadedTaskDispatcher with 8 workers.
 -> (artifact id: '6ebfbd9f21a1ebc18a41dde3272066e8') in 0.034064 seconds
Number of updated asset objects reloaded before import = 0
Number of asset objects unloaded after import = 11
========================================================================
Received Import Request.
  Time since last request: 124.306030 seconds.
  path: Assets/Models/Story1/Props
  artifactKey: Guid(fa54a1a5a48a58f4e9ab06b13af686e3) Importer(815301076,1909f56bfc062723c751e8b465ee728b)
Start importing Assets/Models/Story1/Props using Guid(fa54a1a5a48a58f4e9ab06b13af686e3) Importer(815301076,1909f56bfc062723c751e8b465ee728b) [PhysX] Initialized MultithreadedTaskDispatcher with 8 workers.
 -> (artifact id: '94f8a79c4ced0e319db358dc40854e26') in 0.000499 seconds
Number of updated asset objects reloaded before import = 0
Number of asset objects unloaded after import = 0
========================================================================
Received Import Request.
  Time since last request: 0.837544 seconds.
  path: Assets/Models/Story1/Props/Arboles
  artifactKey: Guid(a1f97b88176f187419249bd480d7d558) Importer(815301076,1909f56bfc062723c751e8b465ee728b)
Start importing Assets/Models/Story1/Props/Arboles using Guid(a1f97b88176f187419249bd480d7d558) Importer(815301076,1909f56bfc062723c751e8b465ee728b) [PhysX] Initialized MultithreadedTaskDispatcher with 8 workers.
 -> (artifact id: 'd7c90744e1c31ef75d460bb73070c397') in 0.000415 seconds
Number of updated asset objects reloaded before import = 0
Number of asset objects unloaded after import = 0
========================================================================
Received Import Request.
  Time since last request: 0.060102 seconds.
  path: Assets/Models/Story1/Props/Arboles/arbol1.fbx
  artifactKey: Guid(9258b5d303b474443a318303f1f22269) Importer(815301076,1909f56bfc062723c751e8b465ee728b)
Start importing Assets/Models/Story1/Props/Arboles/arbol1.fbx using Guid(9258b5d303b474443a318303f1f22269) Importer(815301076,1909f56bfc062723c751e8b465ee728b) [PhysX] Initialized MultithreadedTaskDispatcher with 8 workers.
[PhysX] Initialized MultithreadedTaskDispatcher with 8 workers.
[PhysX] Initialized MultithreadedTaskDispatcher with 8 workers.
[PhysX] Initialized MultithreadedTaskDispatcher with 8 workers.
 -> (artifact id: '24e63a505ccdf9a90b42a190b293a084') in 0.034151 seconds
Number of updated asset objects reloaded before import = 0
Number of asset objects unloaded after import = 8
========================================================================
Received Import Request.
  Time since last request: 6.058359 seconds.
  path: Assets/Models/Story1/Props/Arboles/arbol1.fbx
  artifactKey: Guid(9258b5d303b474443a318303f1f22269) Importer(815301076,1909f56bfc062723c751e8b465ee728b)
Start importing Assets/Models/Story1/Props/Arboles/arbol1.fbx using Guid(9258b5d303b474443a318303f1f22269) Importer(815301076,1909f56bfc062723c751e8b465ee728b) [PhysX] Initialized MultithreadedTaskDispatcher with 8 workers.
[PhysX] Initialized MultithreadedTaskDispatcher with 8 workers.
[PhysX] Initialized MultithreadedTaskDispatcher with 8 workers.
 -> (artifact id: 'ff692fceeb9c22635dd685a6a0d1e060') in 0.040058 seconds
Number of updated asset objects reloaded before import = 0
Number of asset objects unloaded after import = 9
========================================================================
Received Import Request.
  Time since last request: 131.919156 seconds.
  path: Assets/Models/Story1/Props/Arboles/Materials
  artifactKey: Guid(ab5d122681c6cd14083a8b834895decc) Importer(815301076,1909f56bfc062723c751e8b465ee728b)
Start importing Assets/Models/Story1/Props/Arboles/Materials using Guid(ab5d122681c6cd14083a8b834895decc) Importer(815301076,1909f56bfc062723c751e8b465ee728b) [PhysX] Initialized MultithreadedTaskDispatcher with 8 workers.
 -> (artifact id: 'a64ad76dfa7785e1648ab9e0492743b5') in 0.000675 seconds
Number of updated asset objects reloaded before import = 0
Number of asset objects unloaded after import = 0
========================================================================
Received Import Request.
  Time since last request: 0.037434 seconds.
  path: Assets/Models/Story1/Props/Arboles/Materials/tree17.mat
  artifactKey: Guid(d0e98e5cf65596c4e92ba5609fc279b3) Importer(815301076,1909f56bfc062723c751e8b465ee728b)
Start importing Assets/Models/Story1/Props/Arboles/Materials/tree17.mat using Guid(d0e98e5cf65596c4e92ba5609fc279b3) Importer(815301076,1909f56bfc062723c751e8b465ee728b) [PhysX] Initialized MultithreadedTaskDispatcher with 8 workers.
[PhysX] Initialized MultithreadedTaskDispatcher with 8 workers.
 -> (artifact id: 'f52f0ad8cf92733ec4bd332fb3a6fda3') in 0.014874 seconds
Number of updated asset objects reloaded before import = 0
Number of asset objects unloaded after import = 2
========================================================================
Received Import Request.
  Time since last request: 15.087480 seconds.
  path: Assets/Models/Story1/Props/Arboles/arbol1.fbm
  artifactKey: Guid(0ba2b04d0835c614aa487a84427144b0) Importer(815301076,1909f56bfc062723c751e8b465ee728b)
Start importing Assets/Models/Story1/Props/Arboles/arbol1.fbm using Guid(0ba2b04d0835c614aa487a84427144b0) Importer(815301076,1909f56bfc062723c751e8b465ee728b) [PhysX] Initialized MultithreadedTaskDispatcher with 8 workers.
 -> (artifact id: 'b1c4dbd0c82ede80ad7b306d7bac4965') in 0.000506 seconds
Number of updated asset objects reloaded before import = 0
Number of asset objects unloaded after import = 0
========================================================================
Received Import Request.
  Time since last request: 0.062971 seconds.
  path: Assets/Models/Story1/Props/Arboles/arbol1.fbm/tree17.png
  artifactKey: Guid(418ba91676073194b9115a3bcc7722e7) Importer(815301076,1909f56bfc062723c751e8b465ee728b)
Start importing Assets/Models/Story1/Props/Arboles/arbol1.fbm/tree17.png using Guid(418ba91676073194b9115a3bcc7722e7) Importer(815301076,1909f56bfc062723c751e8b465ee728b) [PhysX] Initialized MultithreadedTaskDispatcher with 8 workers.
[PhysX] Initialized MultithreadedTaskDispatcher with 8 workers.
 -> (artifact id: '215ffea7e7a643e5c5e2a00e0be41ed0') in 0.055548 seconds
Number of updated asset objects reloaded before import = 0
Number of asset objects unloaded after import = 2
========================================================================
Received Import Request.
  Time since last request: 19.853394 seconds.
  path: Assets/Models/Story1/Props/Arboles/arbol1.fbm/tree17.png
  artifactKey: Guid(418ba91676073194b9115a3bcc7722e7) Importer(815301076,1909f56bfc062723c751e8b465ee728b)
Start importing Assets/Models/Story1/Props/Arboles/arbol1.fbm/tree17.png using Guid(418ba91676073194b9115a3bcc7722e7) Importer(815301076,1909f56bfc062723c751e8b465ee728b) [PhysX] Initialized MultithreadedTaskDispatcher with 8 workers.
[PhysX] Initialized MultithreadedTaskDispatcher with 8 workers.
 -> (artifact id: '34e59a63734f344fa414790da505496f') in 0.016138 seconds
Number of updated asset objects reloaded before import = 0
Number of asset objects unloaded after import = 2
========================================================================
Received Import Request.
  Time since last request: 161.964604 seconds.
  path: Assets/Models/Story1/Edificios/edificioymca.fbm
  artifactKey: Guid(c8b523ec5f6e9184186046ae9fbed12e) Importer(815301076,1909f56bfc062723c751e8b465ee728b)
Start importing Assets/Models/Story1/Edificios/edificioymca.fbm using Guid(c8b523ec5f6e9184186046ae9fbed12e) Importer(815301076,1909f56bfc062723c751e8b465ee728b) [PhysX] Initialized MultithreadedTaskDispatcher with 8 workers.
 -> (artifact id: '6ede88eabff38458f85f68ad9f6abde3') in 0.000652 seconds
Number of updated asset objects reloaded before import = 0
Number of asset objects unloaded after import = 0
========================================================================
Received Import Request.
  Time since last request: 0.044674 seconds.
  path: Assets/Models/Story1/Edificios/edificioymca.fbm/canchaymca.jpg
  artifactKey: Guid(4d31fd87194a7cd40bed5a0bca0dc71a) Importer(815301076,1909f56bfc062723c751e8b465ee728b)
Start importing Assets/Models/Story1/Edificios/edificioymca.fbm/canchaymca.jpg using Guid(4d31fd87194a7cd40bed5a0bca0dc71a) Importer(815301076,1909f56bfc062723c751e8b465ee728b) [PhysX] Initialized MultithreadedTaskDispatcher with 8 workers.
[PhysX] Initialized MultithreadedTaskDispatcher with 8 workers.
 -> (artifact id: '8e3e6a2430498e6aa6060273939c6de6') in 0.018962 seconds
Number of updated asset objects reloaded before import = 0
Number of asset objects unloaded after import = 2
========================================================================
Received Import Request.
  Time since last request: 0.000015 seconds.
  path: Assets/Models/Story1/Edificios/edificioymca.fbm/edificioymca2.jpg
  artifactKey: Guid(304179f7a57830d4893d16e85b175ba6) Importer(815301076,1909f56bfc062723c751e8b465ee728b)
Start importing Assets/Models/Story1/Edificios/edificioymca.fbm/edificioymca2.jpg using Guid(304179f7a57830d4893d16e85b175ba6) Importer(815301076,1909f56bfc062723c751e8b465ee728b) [PhysX] Initialized MultithreadedTaskDispatcher with 8 workers.
[PhysX] Initialized MultithreadedTaskDispatcher with 8 workers.
 -> (artifact id: '8016833b2fdb3fd57061c61dce3096dc') in 0.014384 seconds
Number of updated asset objects reloaded before import = 0
Number of asset objects unloaded after import = 2
========================================================================
Received Import Request.
  Time since last request: 0.000018 seconds.
  path: Assets/Models/Story1/Edificios/edificioymca.fbm/TexturesCom_Metal_PipeRusted2_1_82x0_47_512_albedo.png
  artifactKey: Guid(6379d32583501f4499821eda3838be45) Importer(815301076,1909f56bfc062723c751e8b465ee728b)
Start importing Assets/Models/Story1/Edificios/edificioymca.fbm/TexturesCom_Metal_PipeRusted2_1_82x0_47_512_albedo.png using Guid(6379d32583501f4499821eda3838be45) Importer(815301076,1909f56bfc062723c751e8b465ee728b) [PhysX] Initialized MultithreadedTaskDispatcher with 8 workers.
[PhysX] Initialized MultithreadedTaskDispatcher with 8 workers.
 -> (artifact id: '2ad53297cd9ed839fed261f4feb1d9b3') in 0.014427 seconds
Number of updated asset objects reloaded before import = 0
Number of asset objects unloaded after import = 2
========================================================================
Received Import Request.
  Time since last request: 0.000014 seconds.
  path: Assets/Models/Story1/Edificios/edificioymca.fbm/TexturesCom_MetalVarious0026_1_seamless_S.png
  artifactKey: Guid(e66c70147788bf64695c1053d09d93e0) Importer(815301076,1909f56bfc062723c751e8b465ee728b)
Start importing Assets/Models/Story1/Edificios/edificioymca.fbm/TexturesCom_MetalVarious0026_1_seamless_S.png using Guid(e66c70147788bf64695c1053d09d93e0) Importer(815301076,1909f56bfc062723c751e8b465ee728b) [PhysX] Initialized MultithreadedTaskDispatcher with 8 workers.
[PhysX] Initialized MultithreadedTaskDispatcher with 8 workers.
 -> (artifact id: 'ca8b1d3eb71245155f8f2e21093198e1') in 0.014847 seconds
Number of updated asset objects reloaded before import = 0
Number of asset objects unloaded after import = 2
========================================================================
Received Import Request.
  Time since last request: 0.000018 seconds.
  path: Assets/Models/Story1/Edificios/edificioymca.fbm/estatuaymca.jpg
  artifactKey: Guid(03337442537654b4cac49e1e5344eea0) Importer(815301076,1909f56bfc062723c751e8b465ee728b)
Start importing Assets/Models/Story1/Edificios/edificioymca.fbm/estatuaymca.jpg using Guid(03337442537654b4cac49e1e5344eea0) Importer(815301076,1909f56bfc062723c751e8b465ee728b) [PhysX] Initialized MultithreadedTaskDispatcher with 8 workers.
[PhysX] Initialized MultithreadedTaskDispatcher with 8 workers.
 -> (artifact id: '61d9527792a21f3c343efa8407a60b4b') in 0.018242 seconds
Number of updated asset objects reloaded before import = 0
Number of asset objects unloaded after import = 2
========================================================================
Received Import Request.
  Time since last request: 9.821695 seconds.
  path: Assets/Models/Story1/Edificios/edificioymca.fbm/canchaymca.jpg
  artifactKey: Guid(4d31fd87194a7cd40bed5a0bca0dc71a) Importer(815301076,1909f56bfc062723c751e8b465ee728b)
Start importing Assets/Models/Story1/Edificios/edificioymca.fbm/canchaymca.jpg using Guid(4d31fd87194a7cd40bed5a0bca0dc71a) Importer(815301076,1909f56bfc062723c751e8b465ee728b) [PhysX] Initialized MultithreadedTaskDispatcher with 8 workers.
[PhysX] Initialized MultithreadedTaskDispatcher with 8 workers.
 -> (artifact id: 'db42fa09aa499cd0537adfead100546d') in 0.015418 seconds
Number of updated asset objects reloaded before import = 0
Number of asset objects unloaded after import = 2
========================================================================
Received Import Request.
  Time since last request: 1.695249 seconds.
  path: Assets/Models/Story1/Edificios/edificioymca.fbx
  artifactKey: Guid(57ffe2242d765084caf619c2a9ad5a71) Importer(815301076,1909f56bfc062723c751e8b465ee728b)
Start importing Assets/Models/Story1/Edificios/edificioymca.fbx using Guid(57ffe2242d765084caf619c2a9ad5a71) Importer(815301076,1909f56bfc062723c751e8b465ee728b) [PhysX] Initialized MultithreadedTaskDispatcher with 8 workers.
[PhysX] Initialized MultithreadedTaskDispatcher with 8 workers.
[PhysX] Initialized MultithreadedTaskDispatcher with 8 workers.
[PhysX] Initialized MultithreadedTaskDispatcher with 8 workers.
[PhysX] Initialized MultithreadedTaskDispatcher with 8 workers.
[PhysX] Initialized MultithreadedTaskDispatcher with 8 workers.
[PhysX] Initialized MultithreadedTaskDispatcher with 8 workers.
[PhysX] Initialized MultithreadedTaskDispatcher with 8 workers.
[PhysX] Initialized MultithreadedTaskDispatcher with 8 workers.
[PhysX] Initialized MultithreadedTaskDispatcher with 8 workers.
[PhysX] Initialized MultithreadedTaskDispatcher with 8 workers.
[PhysX] Initialized MultithreadedTaskDispatcher with 8 workers.
[PhysX] Initialized MultithreadedTaskDispatcher with 8 workers.
[PhysX] Initialized MultithreadedTaskDispatcher with 8 workers.
[PhysX] Initialized MultithreadedTaskDispatcher with 8 workers.
[PhysX] Initialized MultithreadedTaskDispatcher with 8 workers.
[PhysX] Initialized MultithreadedTaskDispatcher with 8 workers.
[PhysX] Initialized MultithreadedTaskDispatcher with 8 workers.
[PhysX] Initialized MultithreadedTaskDispatcher with 8 workers.
 -> (artifact id: '8b87bf453c7175a57a2ac0230ff5e9a9') in 0.146371 seconds
Number of updated asset objects reloaded before import = 0
Number of asset objects unloaded after import = 29
========================================================================
Received Import Request.
  Time since last request: 37.568030 seconds.
  path: Assets/Models/Story1/Edificios/edificioymca.fbm/TexturesCom_MetalVarious0026_1_seamless_S.png
  artifactKey: Guid(e66c70147788bf64695c1053d09d93e0) Importer(815301076,1909f56bfc062723c751e8b465ee728b)
Start importing Assets/Models/Story1/Edificios/edificioymca.fbm/TexturesCom_MetalVarious0026_1_seamless_S.png using Guid(e66c70147788bf64695c1053d09d93e0) Importer(815301076,1909f56bfc062723c751e8b465ee728b) [PhysX] Initialized MultithreadedTaskDispatcher with 8 workers.
[PhysX] Initialized MultithreadedTaskDispatcher with 8 workers.
 -> (artifact id: '2c164eeff83e092972de0a95746ace86') in 0.016347 seconds
Number of updated asset objects reloaded before import = 0
Number of asset objects unloaded after import = 2
========================================================================
Received Import Request.
  Time since last request: 11.701692 seconds.
  path: Assets/Models/Story1/Edificios/edificioymca.fbx
  artifactKey: Guid(57ffe2242d765084caf619c2a9ad5a71) Importer(815301076,1909f56bfc062723c751e8b465ee728b)
Start importing Assets/Models/Story1/Edificios/edificioymca.fbx using Guid(57ffe2242d765084caf619c2a9ad5a71) Importer(815301076,1909f56bfc062723c751e8b465ee728b) [PhysX] Initialized MultithreadedTaskDispatcher with 8 workers.
[PhysX] Initialized MultithreadedTaskDispatcher with 8 workers.
[PhysX] Initialized MultithreadedTaskDispatcher with 8 workers.
[PhysX] Initialized MultithreadedTaskDispatcher with 8 workers.
[PhysX] Initialized MultithreadedTaskDispatcher with 8 workers.
[PhysX] Initialized MultithreadedTaskDispatcher with 8 workers.
[PhysX] Initialized MultithreadedTaskDispatcher with 8 workers.
[PhysX] Initialized MultithreadedTaskDispatcher with 8 workers.
[PhysX] Initialized MultithreadedTaskDispatcher with 8 workers.
[PhysX] Initialized MultithreadedTaskDispatcher with 8 workers.
[PhysX] Initialized MultithreadedTaskDispatcher with 8 workers.
[PhysX] Initialized MultithreadedTaskDispatcher with 8 workers.
[PhysX] Initialized MultithreadedTaskDispatcher with 8 workers.
[PhysX] Initialized MultithreadedTaskDispatcher with 8 workers.
[PhysX] Initialized MultithreadedTaskDispatcher with 8 workers.
[PhysX] Initialized MultithreadedTaskDispatcher with 8 workers.
[PhysX] Initialized MultithreadedTaskDispatcher with 8 workers.
[PhysX] Initialized MultithreadedTaskDispatcher with 8 workers.
[PhysX] Initialized MultithreadedTaskDispatcher with 8 workers.
 -> (artifact id: 'c05f7d91fe0de0cbfdfdbe88c1168172') in 0.068651 seconds
Number of updated asset objects reloaded before import = 0
Number of asset objects unloaded after import = 29
========================================================================
Received Import Request.
  Time since last request: 23.071192 seconds.
  path: Assets/Models/Story1/Props/Arboles/arbol1.fbx
  artifactKey: Guid(9258b5d303b474443a318303f1f22269) Importer(815301076,1909f56bfc062723c751e8b465ee728b)
Start importing Assets/Models/Story1/Props/Arboles/arbol1.fbx using Guid(9258b5d303b474443a318303f1f22269) Importer(815301076,1909f56bfc062723c751e8b465ee728b) [PhysX] Initialized MultithreadedTaskDispatcher with 8 workers.
[PhysX] Initialized MultithreadedTaskDispatcher with 8 workers.
[PhysX] Initialized MultithreadedTaskDispatcher with 8 workers.
 -> (artifact id: 'b30ea55886c67dac4bbbf8b4a5f4ba74') in 0.038556 seconds
Number of updated asset objects reloaded before import = 0
Number of asset objects unloaded after import = 9
========================================================================
Received Import Request.
  Time since last request: 49.288367 seconds.
  path: Assets/Models/Story1/Props/Arboles/arbol2.fbx
  artifactKey: Guid(ab0a8e8db79e632459f8e36a01b8da99) Importer(815301076,1909f56bfc062723c751e8b465ee728b)
Start importing Assets/Models/Story1/Props/Arboles/arbol2.fbx using Guid(ab0a8e8db79e632459f8e36a01b8da99) Importer(815301076,1909f56bfc062723c751e8b465ee728b) [PhysX] Initialized MultithreadedTaskDispatcher with 8 workers.
[PhysX] Initialized MultithreadedTaskDispatcher with 8 workers.
[PhysX] Initialized MultithreadedTaskDispatcher with 8 workers.
[PhysX] Initialized MultithreadedTaskDispatcher with 8 workers.
 -> (artifact id: 'f4dd52e06edcbc6588ed597119f254fd') in 0.022549 seconds
Number of updated asset objects reloaded before import = 0
Number of asset objects unloaded after import = 8
========================================================================
Received Import Request.
  Time since last request: 4.326009 seconds.
  path: Assets/Models/Story1/Props/Arboles/arbol2.fbx
  artifactKey: Guid(ab0a8e8db79e632459f8e36a01b8da99) Importer(815301076,1909f56bfc062723c751e8b465ee728b)
Start importing Assets/Models/Story1/Props/Arboles/arbol2.fbx using Guid(ab0a8e8db79e632459f8e36a01b8da99) Importer(815301076,1909f56bfc062723c751e8b465ee728b) [PhysX] Initialized MultithreadedTaskDispatcher with 8 workers.
[PhysX] Initialized MultithreadedTaskDispatcher with 8 workers.
[PhysX] Initialized MultithreadedTaskDispatcher with 8 workers.
 -> (artifact id: '898b1f380434ca4454478d25f3b1df1f') in 0.034199 seconds
Number of updated asset objects reloaded before import = 0
Number of asset objects unloaded after import = 9
========================================================================
Received Import Request.
  Time since last request: 6.231030 seconds.
  path: Assets/Models/Story1/Props/Arboles/arbol2.fbm
  artifactKey: Guid(f1bef8bab86d4304c823eb7c1f5b9325) Importer(815301076,1909f56bfc062723c751e8b465ee728b)
Start importing Assets/Models/Story1/Props/Arboles/arbol2.fbm using Guid(f1bef8bab86d4304c823eb7c1f5b9325) Importer(815301076,1909f56bfc062723c751e8b465ee728b) [PhysX] Initialized MultithreadedTaskDispatcher with 8 workers.
 -> (artifact id: '11dcae41dabfbabf267f8b4cc9a8f3c6') in 0.000487 seconds
Number of updated asset objects reloaded before import = 0
Number of asset objects unloaded after import = 0
========================================================================
Received Import Request.
  Time since last request: 0.047453 seconds.
  path: Assets/Models/Story1/Props/Arboles/arbol2.fbm/tree18.png
  artifactKey: Guid(de5d9b88ff6b3ea4794a51d037cbd501) Importer(815301076,1909f56bfc062723c751e8b465ee728b)
Start importing Assets/Models/Story1/Props/Arboles/arbol2.fbm/tree18.png using Guid(de5d9b88ff6b3ea4794a51d037cbd501) Importer(815301076,1909f56bfc062723c751e8b465ee728b) [PhysX] Initialized MultithreadedTaskDispatcher with 8 workers.
[PhysX] Initialized MultithreadedTaskDispatcher with 8 workers.
 -> (artifact id: '047a05c47d580cff1c1fed78051130a9') in 0.020602 seconds
Number of updated asset objects reloaded before import = 0
Number of asset objects unloaded after import = 2
========================================================================
Received Import Request.
  Time since last request: 2.938221 seconds.
  path: Assets/Models/Story1/Props/Arboles/arbol2.fbm/tree18.png
  artifactKey: Guid(de5d9b88ff6b3ea4794a51d037cbd501) Importer(815301076,1909f56bfc062723c751e8b465ee728b)
Start importing Assets/Models/Story1/Props/Arboles/arbol2.fbm/tree18.png using Guid(de5d9b88ff6b3ea4794a51d037cbd501) Importer(815301076,1909f56bfc062723c751e8b465ee728b) [PhysX] Initialized MultithreadedTaskDispatcher with 8 workers.
[PhysX] Initialized MultithreadedTaskDispatcher with 8 workers.
 -> (artifact id: 'def39fe8a32a557a211854b23b434d75') in 0.013426 seconds
Number of updated asset objects reloaded before import = 0
Number of asset objects unloaded after import = 2
========================================================================
Received Import Request.
  Time since last request: 3.291167 seconds.
  path: Assets/Models/Story1/Props/Arboles/arbol2.fbx
  artifactKey: Guid(ab0a8e8db79e632459f8e36a01b8da99) Importer(815301076,1909f56bfc062723c751e8b465ee728b)
Start importing Assets/Models/Story1/Props/Arboles/arbol2.fbx using Guid(ab0a8e8db79e632459f8e36a01b8da99) Importer(815301076,1909f56bfc062723c751e8b465ee728b) [PhysX] Initialized MultithreadedTaskDispatcher with 8 workers.
[PhysX] Initialized MultithreadedTaskDispatcher with 8 workers.
[PhysX] Initialized MultithreadedTaskDispatcher with 8 workers.
 -> (artifact id: '4dcffe33ac4a5da882747a9c7b11fb56') in 0.021182 seconds
Number of updated asset objects reloaded before import = 0
Number of asset objects unloaded after import = 9
========================================================================
Received Import Request.
  Time since last request: 8.553881 seconds.
  path: Assets/Models/Story1/Props/Arboles/Materials/tree17.mat
  artifactKey: Guid(d0e98e5cf65596c4e92ba5609fc279b3) Importer(815301076,1909f56bfc062723c751e8b465ee728b)
Start importing Assets/Models/Story1/Props/Arboles/Materials/tree17.mat using Guid(d0e98e5cf65596c4e92ba5609fc279b3) Importer(815301076,1909f56bfc062723c751e8b465ee728b) [PhysX] Initialized MultithreadedTaskDispatcher with 8 workers.
[PhysX] Initialized MultithreadedTaskDispatcher with 8 workers.
 -> (artifact id: '37166a6cfae13b83703d42baf954aab6') in 0.015582 seconds
Number of updated asset objects reloaded before import = 0
Number of asset objects unloaded after import = 2
========================================================================
Received Import Request.
  Time since last request: 197.609396 seconds.
  path: Assets/Models/Story1/Props/Cesped
  artifactKey: Guid(d74ff54906bf5614eb297946e83e6ec7) Importer(815301076,1909f56bfc062723c751e8b465ee728b)
Start importing Assets/Models/Story1/Props/Cesped using Guid(d74ff54906bf5614eb297946e83e6ec7) Importer(815301076,1909f56bfc062723c751e8b465ee728b) [PhysX] Initialized MultithreadedTaskDispatcher with 8 workers.
 -> (artifact id: '8f05f9117d70a82dcf5a398a0e99ac3f') in 0.000649 seconds
Number of updated asset objects reloaded before import = 0
Number of asset objects unloaded after import = 0
========================================================================
Received Import Request.
  Time since last request: 0.045059 seconds.
  path: Assets/Models/Story1/Props/Cesped/cespedumsa.fbx
  artifactKey: Guid(8055d17d336f2f64796aac2e76a1ea4b) Importer(815301076,1909f56bfc062723c751e8b465ee728b)
Start importing Assets/Models/Story1/Props/Cesped/cespedumsa.fbx using Guid(8055d17d336f2f64796aac2e76a1ea4b) Importer(815301076,1909f56bfc062723c751e8b465ee728b) [PhysX] Initialized MultithreadedTaskDispatcher with 8 workers.
[PhysX] Initialized MultithreadedTaskDispatcher with 8 workers.
[PhysX] Initialized MultithreadedTaskDispatcher with 8 workers.
[PhysX] Initialized MultithreadedTaskDispatcher with 8 workers.
 -> (artifact id: '934498bf488ec4c03bc8c6830a93ff73') in 0.024758 seconds
Number of updated asset objects reloaded before import = 0
Number of asset objects unloaded after import = 8
========================================================================
Received Import Request.
  Time since last request: 3.816200 seconds.
  path: Assets/Models/Story1/Props/Cesped/cespedumsa.fbx
  artifactKey: Guid(8055d17d336f2f64796aac2e76a1ea4b) Importer(815301076,1909f56bfc062723c751e8b465ee728b)
Start importing Assets/Models/Story1/Props/Cesped/cespedumsa.fbx using Guid(8055d17d336f2f64796aac2e76a1ea4b) Importer(815301076,1909f56bfc062723c751e8b465ee728b) [PhysX] Initialized MultithreadedTaskDispatcher with 8 workers.
[PhysX] Initialized MultithreadedTaskDispatcher with 8 workers.
[PhysX] Initialized MultithreadedTaskDispatcher with 8 workers.
 -> (artifact id: '4019e75d829725dd6ffbbf7834b3fb7a') in 0.032510 seconds
Number of updated asset objects reloaded before import = 0
Number of asset objects unloaded after import = 9
========================================================================
Received Import Request.
  Time since last request: 709.963613 seconds.
  path: Assets/Models/Story1/Props/Cesped/cubocesped.fbx
  artifactKey: Guid(e2aaa199fcfd59b458e577d5f6c59e20) Importer(815301076,1909f56bfc062723c751e8b465ee728b)
Start importing Assets/Models/Story1/Props/Cesped/cubocesped.fbx using Guid(e2aaa199fcfd59b458e577d5f6c59e20) Importer(815301076,1909f56bfc062723c751e8b465ee728b) [PhysX] Initialized MultithreadedTaskDispatcher with 8 workers.
[PhysX] Initialized MultithreadedTaskDispatcher with 8 workers.
[PhysX] Initialized MultithreadedTaskDispatcher with 8 workers.
[PhysX] Initialized MultithreadedTaskDispatcher with 8 workers.
 -> (artifact id: '77e9253e935fe69d0f2bd4f7bb593699') in 0.033472 seconds
Number of updated asset objects reloaded before import = 0
Number of asset objects unloaded after import = 8
========================================================================
Received Import Request.
  Time since last request: 3.800481 seconds.
  path: Assets/Models/Story1/Props/Cesped/cubocesped.fbx
  artifactKey: Guid(e2aaa199fcfd59b458e577d5f6c59e20) Importer(815301076,1909f56bfc062723c751e8b465ee728b)
Start importing Assets/Models/Story1/Props/Cesped/cubocesped.fbx using Guid(e2aaa199fcfd59b458e577d5f6c59e20) Importer(815301076,1909f56bfc062723c751e8b465ee728b) [PhysX] Initialized MultithreadedTaskDispatcher with 8 workers.
[PhysX] Initialized MultithreadedTaskDispatcher with 8 workers.
[PhysX] Initialized MultithreadedTaskDispatcher with 8 workers.
 -> (artifact id: 'f1564452580363b6d58172498bdbff66') in 0.018983 seconds
Number of updated asset objects reloaded before import = 0
Number of asset objects unloaded after import = 9
========================================================================
Received Import Request.
  Time since last request: 130.059598 seconds.
  path: Assets/Models/Story1/Props/Basura
  artifactKey: Guid(a28936912be2b5a419fc6c549227a4d1) Importer(815301076,1909f56bfc062723c751e8b465ee728b)
Start importing Assets/Models/Story1/Props/Basura using Guid(a28936912be2b5a419fc6c549227a4d1) Importer(815301076,1909f56bfc062723c751e8b465ee728b) [PhysX] Initialized MultithreadedTaskDispatcher with 8 workers.
 -> (artifact id: '7fc4389107a2d39ec23279a5212085b1') in 0.000561 seconds
Number of updated asset objects reloaded before import = 0
Number of asset objects unloaded after import = 0
========================================================================
Received Import Request.
  Time since last request: 0.054630 seconds.
  path: Assets/Models/Story1/Props/Basura/bolsasbasura1.fbx
  artifactKey: Guid(e0b5ccc056e671348aef4d3567127637) Importer(815301076,1909f56bfc062723c751e8b465ee728b)
Start importing Assets/Models/Story1/Props/Basura/bolsasbasura1.fbx using Guid(e0b5ccc056e671348aef4d3567127637) Importer(815301076,1909f56bfc062723c751e8b465ee728b) [PhysX] Initialized MultithreadedTaskDispatcher with 8 workers.
[PhysX] Initialized MultithreadedTaskDispatcher with 8 workers.
[PhysX] Initialized MultithreadedTaskDispatcher with 8 workers.
[PhysX] Initialized MultithreadedTaskDispatcher with 8 workers.
 -> (artifact id: '97f5a8925fcf1c31e86feb0ded2704d2') in 0.033131 seconds
Number of updated asset objects reloaded before import = 0
Number of asset objects unloaded after import = 8
========================================================================
Received Import Request.
  Time since last request: 2.775024 seconds.
  path: Assets/Models/Story1/Props/Basura/bolsasbasura1.fbx
  artifactKey: Guid(e0b5ccc056e671348aef4d3567127637) Importer(815301076,1909f56bfc062723c751e8b465ee728b)
Start importing Assets/Models/Story1/Props/Basura/bolsasbasura1.fbx using Guid(e0b5ccc056e671348aef4d3567127637) Importer(815301076,1909f56bfc062723c751e8b465ee728b) [PhysX] Initialized MultithreadedTaskDispatcher with 8 workers.
[PhysX] Initialized MultithreadedTaskDispatcher with 8 workers.
[PhysX] Initialized MultithreadedTaskDispatcher with 8 workers.
 -> (artifact id: 'e90141c7ecbabd73505e305b6a0295e6') in 0.017703 seconds
Number of updated asset objects reloaded before import = 0
Number of asset objects unloaded after import = 9
========================================================================
Received Import Request.
  Time since last request: 59.498256 seconds.
  path: Assets/Models/Story1/Props/Basura/bolsasbasura2.fbx
  artifactKey: Guid(3dd4971fc584db447aa5aee877363c7d) Importer(815301076,1909f56bfc062723c751e8b465ee728b)
Start importing Assets/Models/Story1/Props/Basura/bolsasbasura2.fbx using Guid(3dd4971fc584db447aa5aee877363c7d) Importer(815301076,1909f56bfc062723c751e8b465ee728b) [PhysX] Initialized MultithreadedTaskDispatcher with 8 workers.
[PhysX] Initialized MultithreadedTaskDispatcher with 8 workers.
[PhysX] Initialized MultithreadedTaskDispatcher with 8 workers.
[PhysX] Initialized MultithreadedTaskDispatcher with 8 workers.
 -> (artifact id: '93db9bde3f1397428524b757b6459393') in 0.096895 seconds
Number of updated asset objects reloaded before import = 0
Number of asset objects unloaded after import = 9
========================================================================
Received Import Request.
  Time since last request: 5.577254 seconds.
  path: Assets/Models/Story1/Props/Basura/bolsasbasura1.fbm
  artifactKey: Guid(ef3ec07ea6e20b2488503cd29495deee) Importer(815301076,1909f56bfc062723c751e8b465ee728b)
Start importing Assets/Models/Story1/Props/Basura/bolsasbasura1.fbm using Guid(ef3ec07ea6e20b2488503cd29495deee) Importer(815301076,1909f56bfc062723c751e8b465ee728b) [PhysX] Initialized MultithreadedTaskDispatcher with 8 workers.
 -> (artifact id: 'ebbd0d272923875de27860b0bc33249c') in 0.000542 seconds
Number of updated asset objects reloaded before import = 0
Number of asset objects unloaded after import = 0
========================================================================
Received Import Request.
  Time since last request: 0.047693 seconds.
  path: Assets/Models/Story1/Props/Basura/bolsasbasura1.fbm/bag.png
  artifactKey: Guid(7cbbc918000cc9440b3cf6b380064dcc) Importer(815301076,1909f56bfc062723c751e8b465ee728b)
Start importing Assets/Models/Story1/Props/Basura/bolsasbasura1.fbm/bag.png using Guid(7cbbc918000cc9440b3cf6b380064dcc) Importer(815301076,1909f56bfc062723c751e8b465ee728b) [PhysX] Initialized MultithreadedTaskDispatcher with 8 workers.
[PhysX] Initialized MultithreadedTaskDispatcher with 8 workers.
 -> (artifact id: '39b7b68ce2948d7a73f70c66bef53110') in 0.017992 seconds
Number of updated asset objects reloaded before import = 0
Number of asset objects unloaded after import = 2
========================================================================
Received Import Request.
  Time since last request: 40.993192 seconds.
  path: Assets/Models/Story1/Props/Basura/bolsasbasura3.fbx
  artifactKey: Guid(2b6c71a8c99a7dd40aa3ecf2c943d8e3) Importer(815301076,1909f56bfc062723c751e8b465ee728b)
Start importing Assets/Models/Story1/Props/Basura/bolsasbasura3.fbx using Guid(2b6c71a8c99a7dd40aa3ecf2c943d8e3) Importer(815301076,1909f56bfc062723c751e8b465ee728b) [PhysX] Initialized MultithreadedTaskDispatcher with 8 workers.
[PhysX] Initialized MultithreadedTaskDispatcher with 8 workers.
[PhysX] Initialized MultithreadedTaskDispatcher with 8 workers.
[PhysX] Initialized MultithreadedTaskDispatcher with 8 workers.
 -> (artifact id: '94cf65e483b3a6caf794f86b4dca2d3e') in 0.022784 seconds
Number of updated asset objects reloaded before import = 0
Number of asset objects unloaded after import = 9
========================================================================
Received Import Request.
  Time since last request: 57.147732 seconds.
  path: Assets/Models/Story1/Props/Basura/bolsasbasura4.fbx
  artifactKey: Guid(e5a58d1fb225c2c4092e251d62117232) Importer(815301076,1909f56bfc062723c751e8b465ee728b)
Start importing Assets/Models/Story1/Props/Basura/bolsasbasura4.fbx using Guid(e5a58d1fb225c2c4092e251d62117232) Importer(815301076,1909f56bfc062723c751e8b465ee728b) [PhysX] Initialized MultithreadedTaskDispatcher with 8 workers.
[PhysX] Initialized MultithreadedTaskDispatcher with 8 workers.
[PhysX] Initialized MultithreadedTaskDispatcher with 8 workers.
[PhysX] Initialized MultithreadedTaskDispatcher with 8 workers.
[PhysX] Initialized MultithreadedTaskDispatcher with 8 workers.
 -> (artifact id: '839ef7162b1d6325613249cfac66ad3c') in 0.025717 seconds
Number of updated asset objects reloaded before import = 0
Number of asset objects unloaded after import = 10
========================================================================
Received Import Request.
  Time since last request: 7.787807 seconds.
  path: Assets/Models/Story1/Props/Basura/bolsasbasura4.fbx
  artifactKey: Guid(e5a58d1fb225c2c4092e251d62117232) Importer(815301076,1909f56bfc062723c751e8b465ee728b)
Start importing Assets/Models/Story1/Props/Basura/bolsasbasura4.fbx using Guid(e5a58d1fb225c2c4092e251d62117232) Importer(815301076,1909f56bfc062723c751e8b465ee728b) [PhysX] Initialized MultithreadedTaskDispatcher with 8 workers.
[PhysX] Initialized MultithreadedTaskDispatcher with 8 workers.
[PhysX] Initialized MultithreadedTaskDispatcher with 8 workers.
 -> (artifact id: 'e3269a82ce6153803988e69f9aa0f3d3') in 0.018656 seconds
Number of updated asset objects reloaded before import = 0
Number of asset objects unloaded after import = 11
========================================================================
Received Import Request.
  Time since last request: 95.196250 seconds.
  path: Assets/Models/Story1/Props/Basura/bolsasbasura5.fbx
  artifactKey: Guid(522cc069cb71aa04898cef1f9833415c) Importer(815301076,1909f56bfc062723c751e8b465ee728b)
Start importing Assets/Models/Story1/Props/Basura/bolsasbasura5.fbx using Guid(522cc069cb71aa04898cef1f9833415c) Importer(815301076,1909f56bfc062723c751e8b465ee728b) [PhysX] Initialized MultithreadedTaskDispatcher with 8 workers.
[PhysX] Initialized MultithreadedTaskDispatcher with 8 workers.
[PhysX] Initialized MultithreadedTaskDispatcher with 8 workers.
[PhysX] Initialized MultithreadedTaskDispatcher with 8 workers.
[PhysX] Initialized MultithreadedTaskDispatcher with 8 workers.
 -> (artifact id: 'cd187222fc513c2847610f9262ef8371') in 0.026482 seconds
Number of updated asset objects reloaded before import = 0
Number of asset objects unloaded after import = 11
========================================================================
Received Import Request.
  Time since last request: 59.032776 seconds.
  path: Assets/Models/Story1/Props/Basura/bolsasbasura6.fbx
  artifactKey: Guid(83d4c5bc9a5e9c041b660fc58b7d4354) Importer(815301076,1909f56bfc062723c751e8b465ee728b)
Start importing Assets/Models/Story1/Props/Basura/bolsasbasura6.fbx using Guid(83d4c5bc9a5e9c041b660fc58b7d4354) Importer(815301076,1909f56bfc062723c751e8b465ee728b) [PhysX] Initialized MultithreadedTaskDispatcher with 8 workers.
[PhysX] Initialized MultithreadedTaskDispatcher with 8 workers.
[PhysX] Initialized MultithreadedTaskDispatcher with 8 workers.
[PhysX] Initialized MultithreadedTaskDispatcher with 8 workers.
[PhysX] Initialized MultithreadedTaskDispatcher with 8 workers.
 -> (artifact id: '55c1bf20ee5c8d49e7cec8cd59263d37') in 0.028533 seconds
Number of updated asset objects reloaded before import = 0
Number of asset objects unloaded after import = 11
========================================================================
Received Import Request.
  Time since last request: 129.915130 seconds.
  path: Assets/Models/Story1/Props/Basura/Contenedoresbasura.fbx
  artifactKey: Guid(0a899fdbcdf7a754d97e05d8b4ccddd4) Importer(815301076,1909f56bfc062723c751e8b465ee728b)
Start importing Assets/Models/Story1/Props/Basura/Contenedoresbasura.fbx using Guid(0a899fdbcdf7a754d97e05d8b4ccddd4) Importer(815301076,1909f56bfc062723c751e8b465ee728b) [PhysX] Initialized MultithreadedTaskDispatcher with 8 workers.
[PhysX] Initialized MultithreadedTaskDispatcher with 8 workers.
[PhysX] Initialized MultithreadedTaskDispatcher with 8 workers.
[PhysX] Initialized MultithreadedTaskDispatcher with 8 workers.
 -> (artifact id: 'bcdcb489b0b52fb3f46011a7e69fb407') in 0.031978 seconds
Number of updated asset objects reloaded before import = 0
Number of asset objects unloaded after import = 8
========================================================================
Received Import Request.
  Time since last request: 4.308069 seconds.
  path: Assets/Models/Story1/Props/Basura/Contenedoresbasura.fbx
  artifactKey: Guid(0a899fdbcdf7a754d97e05d8b4ccddd4) Importer(815301076,1909f56bfc062723c751e8b465ee728b)
Start importing Assets/Models/Story1/Props/Basura/Contenedoresbasura.fbx using Guid(0a899fdbcdf7a754d97e05d8b4ccddd4) Importer(815301076,1909f56bfc062723c751e8b465ee728b) [PhysX] Initialized MultithreadedTaskDispatcher with 8 workers.
[PhysX] Initialized MultithreadedTaskDispatcher with 8 workers.
[PhysX] Initialized MultithreadedTaskDispatcher with 8 workers.
 -> (artifact id: '6bbb7b157849b5321d4053b3b78b5275') in 0.018958 seconds
Number of updated asset objects reloaded before import = 0
Number of asset objects unloaded after import = 9
========================================================================
Received Import Request.
  Time since last request: 521.656792 seconds.
  path: Assets/Models/Story1/Props/Basura/Contenedoresbasura.fbx
  artifactKey: Guid(0a899fdbcdf7a754d97e05d8b4ccddd4) Importer(815301076,1909f56bfc062723c751e8b465ee728b)
Start importing Assets/Models/Story1/Props/Basura/Contenedoresbasura.fbx using Guid(0a899fdbcdf7a754d97e05d8b4ccddd4) Importer(815301076,1909f56bfc062723c751e8b465ee728b) [PhysX] Initialized MultithreadedTaskDispatcher with 8 workers.
[PhysX] Initialized MultithreadedTaskDispatcher with 8 workers.
[PhysX] Initialized MultithreadedTaskDispatcher with 8 workers.
 -> (artifact id: '0264ec2a14757c4035b2d028cef36f9c') in 0.019406 seconds
Number of updated asset objects reloaded before import = 0
Number of asset objects unloaded after import = 9
========================================================================
Received Import Request.
  Time since last request: 198.148425 seconds.
  path: Assets/Models/Story1/Props/Basura/Contenedoresbasura.fbx
  artifactKey: Guid(0a899fdbcdf7a754d97e05d8b4ccddd4) Importer(815301076,1909f56bfc062723c751e8b465ee728b)
Start importing Assets/Models/Story1/Props/Basura/Contenedoresbasura.fbx using Guid(0a899fdbcdf7a754d97e05d8b4ccddd4) Importer(815301076,1909f56bfc062723c751e8b465ee728b) [PhysX] Initialized MultithreadedTaskDispatcher with 8 workers.
[PhysX] Initialized MultithreadedTaskDispatcher with 8 workers.
[PhysX] Initialized MultithreadedTaskDispatcher with 8 workers.
 -> (artifact id: '4212248a70a44777c22f6c4f12f5eede') in 0.017288 seconds
Number of updated asset objects reloaded before import = 0
Number of asset objects unloaded after import = 9
========================================================================
Received Import Request.
  Time since last request: 39.525212 seconds.
  path: Assets/Models/Story1/Props/Basura/Contenedoresbasura.fbx
  artifactKey: Guid(0a899fdbcdf7a754d97e05d8b4ccddd4) Importer(815301076,1909f56bfc062723c751e8b465ee728b)
Start importing Assets/Models/Story1/Props/Basura/Contenedoresbasura.fbx using Guid(0a899fdbcdf7a754d97e05d8b4ccddd4) Importer(815301076,1909f56bfc062723c751e8b465ee728b) [PhysX] Initialized MultithreadedTaskDispatcher with 8 workers.
[PhysX] Initialized MultithreadedTaskDispatcher with 8 workers.
[PhysX] Initialized MultithreadedTaskDispatcher with 8 workers.
 -> (artifact id: 'd5076aa6c9c960e596fcbb5d50c94b94') in 0.017002 seconds
Number of updated asset objects reloaded before import = 0
Number of asset objects unloaded after import = 9
========================================================================
Received Import Request.
  Time since last request: 82.950096 seconds.
  path: Assets/Models/Story1/Props/Basura/Contenedoresbasura.fbx
  artifactKey: Guid(0a899fdbcdf7a754d97e05d8b4ccddd4) Importer(815301076,1909f56bfc062723c751e8b465ee728b)
Start importing Assets/Models/Story1/Props/Basura/Contenedoresbasura.fbx using Guid(0a899fdbcdf7a754d97e05d8b4ccddd4) Importer(815301076,1909f56bfc062723c751e8b465ee728b) [PhysX] Initialized MultithreadedTaskDispatcher with 8 workers.
[PhysX] Initialized MultithreadedTaskDispatcher with 8 workers.
[PhysX] Initialized MultithreadedTaskDispatcher with 8 workers.
 -> (artifact id: 'd6a48a6886e143340d33d05b6995855d') in 0.017292 seconds
Number of updated asset objects reloaded before import = 0
Number of asset objects unloaded after import = 9
========================================================================
Received Import Request.
  Time since last request: 63.766577 seconds.
  path: Assets/Models/Story1/Props/Basura/pilabasura1.fbx
  artifactKey: Guid(3366e6c8a0c748d499afe21b368b887a) Importer(815301076,1909f56bfc062723c751e8b465ee728b)
Start importing Assets/Models/Story1/Props/Basura/pilabasura1.fbx using Guid(3366e6c8a0c748d499afe21b368b887a) Importer(815301076,1909f56bfc062723c751e8b465ee728b) [PhysX] Initialized MultithreadedTaskDispatcher with 8 workers.
[PhysX] Initialized MultithreadedTaskDispatcher with 8 workers.
[PhysX] Initialized MultithreadedTaskDispatcher with 8 workers.
[PhysX] Initialized MultithreadedTaskDispatcher with 8 workers.
 -> (artifact id: '77b9d33f9a751a167ceb2b488f07ee01') in 0.024999 seconds
Number of updated asset objects reloaded before import = 0
Number of asset objects unloaded after import = 9
========================================================================
Received Import Request.
  Time since last request: 46.662514 seconds.
  path: Assets/Models/Story1/Props/Basura/pilabasura2.fbx
  artifactKey: Guid(b382066159780a04896dac6cb4ae7a63) Importer(815301076,1909f56bfc062723c751e8b465ee728b)
Start importing Assets/Models/Story1/Props/Basura/pilabasura2.fbx using Guid(b382066159780a04896dac6cb4ae7a63) Importer(815301076,1909f56bfc062723c751e8b465ee728b) [PhysX] Initialized MultithreadedTaskDispatcher with 8 workers.
[PhysX] Initialized MultithreadedTaskDispatcher with 8 workers.
[PhysX] Initialized MultithreadedTaskDispatcher with 8 workers.
[PhysX] Initialized MultithreadedTaskDispatcher with 8 workers.
 -> (artifact id: 'faedc5efc400cdeb019c5b2f4c49e799') in 0.020580 seconds
Number of updated asset objects reloaded before import = 0
Number of asset objects unloaded after import = 8
========================================================================
Received Import Request.
  Time since last request: 5.489409 seconds.
  path: Assets/Models/Story1/Props/Basura/pilabasura2.fbx
  artifactKey: Guid(b382066159780a04896dac6cb4ae7a63) Importer(815301076,1909f56bfc062723c751e8b465ee728b)
Start importing Assets/Models/Story1/Props/Basura/pilabasura2.fbx using Guid(b382066159780a04896dac6cb4ae7a63) Importer(815301076,1909f56bfc062723c751e8b465ee728b) [PhysX] Initialized MultithreadedTaskDispatcher with 8 workers.
[PhysX] Initialized MultithreadedTaskDispatcher with 8 workers.
[PhysX] Initialized MultithreadedTaskDispatcher with 8 workers.
 -> (artifact id: '89c3674cb55b609fbd73e0211f63a1aa') in 0.018882 seconds
Number of updated asset objects reloaded before import = 0
Number of asset objects unloaded after import = 9
========================================================================
Received Import Request.
  Time since last request: 56.442453 seconds.
  path: Assets/Models/Story1/Props/Cables
  artifactKey: Guid(c23993064ee255548946bcc0ba3ccb17) Importer(815301076,1909f56bfc062723c751e8b465ee728b)
Start importing Assets/Models/Story1/Props/Cables using Guid(c23993064ee255548946bcc0ba3ccb17) Importer(815301076,1909f56bfc062723c751e8b465ee728b) [PhysX] Initialized MultithreadedTaskDispatcher with 8 workers.
 -> (artifact id: 'aea02e2245067ab6e659bc9b1cf80d29') in 0.000454 seconds
Number of updated asset objects reloaded before import = 0
Number of asset objects unloaded after import = 0
========================================================================
Received Import Request.
  Time since last request: 0.045303 seconds.
  path: Assets/Models/Story1/Props/Cables/Cable1.fbx
  artifactKey: Guid(4cce90dd87b830e4a910bee9f6207959) Importer(815301076,1909f56bfc062723c751e8b465ee728b)
Start importing Assets/Models/Story1/Props/Cables/Cable1.fbx using Guid(4cce90dd87b830e4a910bee9f6207959) Importer(815301076,1909f56bfc062723c751e8b465ee728b) [PhysX] Initialized MultithreadedTaskDispatcher with 8 workers.
[PhysX] Initialized MultithreadedTaskDispatcher with 8 workers.
[PhysX] Initialized MultithreadedTaskDispatcher with 8 workers.
[PhysX] Initialized MultithreadedTaskDispatcher with 8 workers.
 -> (artifact id: '0d73d8f04ade9951ce4cc0ec15956148') in 0.035919 seconds
Number of updated asset objects reloaded before import = 0
Number of asset objects unloaded after import = 8
========================================================================
Received Import Request.
  Time since last request: 4.328361 seconds.
  path: Assets/Models/Story1/Props/Cables/Cable1.fbx
  artifactKey: Guid(4cce90dd87b830e4a910bee9f6207959) Importer(815301076,1909f56bfc062723c751e8b465ee728b)
Start importing Assets/Models/Story1/Props/Cables/Cable1.fbx using Guid(4cce90dd87b830e4a910bee9f6207959) Importer(815301076,1909f56bfc062723c751e8b465ee728b) [PhysX] Initialized MultithreadedTaskDispatcher with 8 workers.
[PhysX] Initialized MultithreadedTaskDispatcher with 8 workers.
[PhysX] Initialized MultithreadedTaskDispatcher with 8 workers.
 -> (artifact id: '728c5ee80ab68044fa9fe671239c8979') in 0.458325 seconds
Number of updated asset objects reloaded before import = 0
Number of asset objects unloaded after import = 10
========================================================================
Received Import Request.
  Time since last request: 4.805402 seconds.
  path: Assets/Models/Story1/Props/Cables/Cable1.fbx
  artifactKey: Guid(4cce90dd87b830e4a910bee9f6207959) Importer(815301076,1909f56bfc062723c751e8b465ee728b)
Start importing Assets/Models/Story1/Props/Cables/Cable1.fbx using Guid(4cce90dd87b830e4a910bee9f6207959) Importer(815301076,1909f56bfc062723c751e8b465ee728b) [PhysX] Initialized MultithreadedTaskDispatcher with 8 workers.
[PhysX] Initialized MultithreadedTaskDispatcher with 8 workers.
[PhysX] Initialized MultithreadedTaskDispatcher with 8 workers.
 -> (artifact id: '206572fd3eb41955d0cf80d3f9a2d7cf') in 0.055977 seconds
Number of updated asset objects reloaded before import = 0
Number of asset objects unloaded after import = 10
========================================================================
Received Import Request.
  Time since last request: 54.244552 seconds.
  path: Assets/Models/Story1/Props/Cables/Cable2.fbx
  artifactKey: Guid(ac4c6e6201ec1e8469b5f50d8eb9926b) Importer(815301076,1909f56bfc062723c751e8b465ee728b)
Start importing Assets/Models/Story1/Props/Cables/Cable2.fbx using Guid(ac4c6e6201ec1e8469b5f50d8eb9926b) Importer(815301076,1909f56bfc062723c751e8b465ee728b) [PhysX] Initialized MultithreadedTaskDispatcher with 8 workers.
[PhysX] Initialized MultithreadedTaskDispatcher with 8 workers.
[PhysX] Initialized MultithreadedTaskDispatcher with 8 workers.
[PhysX] Initialized MultithreadedTaskDispatcher with 8 workers.
 -> (artifact id: 'fb6b1b58af652fd39ce1452ef8c8a765') in 0.024145 seconds
Number of updated asset objects reloaded before import = 0
Number of asset objects unloaded after import = 10
========================================================================
Received Import Request.
  Time since last request: 40.643305 seconds.
  path: Assets/Models/Story1/Props/Cables/Cable3.fbx
  artifactKey: Guid(6cfa69c2aeb1f6e438f58f667662774b) Importer(815301076,1909f56bfc062723c751e8b465ee728b)
Start importing Assets/Models/Story1/Props/Cables/Cable3.fbx using Guid(6cfa69c2aeb1f6e438f58f667662774b) Importer(815301076,1909f56bfc062723c751e8b465ee728b) [PhysX] Initialized MultithreadedTaskDispatcher with 8 workers.
[PhysX] Initialized MultithreadedTaskDispatcher with 8 workers.
[PhysX] Initialized MultithreadedTaskDispatcher with 8 workers.
[PhysX] Initialized MultithreadedTaskDispatcher with 8 workers.
 -> (artifact id: '2cdade8b8e8a8abe0a37f27510acc828') in 0.029046 seconds
Number of updated asset objects reloaded before import = 0
Number of asset objects unloaded after import = 10
========================================================================
Received Import Request.
  Time since last request: 160.196472 seconds.
  path: Assets/Models/Story1/Props/Cables/Cable4.fbx
  artifactKey: Guid(f962f17b60013a24aab3d4fffb407e75) Importer(815301076,1909f56bfc062723c751e8b465ee728b)
Start importing Assets/Models/Story1/Props/Cables/Cable4.fbx using Guid(f962f17b60013a24aab3d4fffb407e75) Importer(815301076,1909f56bfc062723c751e8b465ee728b) [PhysX] Initialized MultithreadedTaskDispatcher with 8 workers.
[PhysX] Initialized MultithreadedTaskDispatcher with 8 workers.
[PhysX] Initialized MultithreadedTaskDispatcher with 8 workers.
[PhysX] Initialized MultithreadedTaskDispatcher with 8 workers.
 -> (artifact id: 'a2fdee6d18e2dec3a903889e3e76742b') in 0.048806 seconds
Number of updated asset objects reloaded before import = 0
Number of asset objects unloaded after import = 10
========================================================================
Received Import Request.
  Time since last request: 55.477461 seconds.
  path: Assets/Models/Story1/Props/Cables/Cable5.fbx
  artifactKey: Guid(290bd0a8e1ca9bd419fe195294762a25) Importer(815301076,1909f56bfc062723c751e8b465ee728b)
Start importing Assets/Models/Story1/Props/Cables/Cable5.fbx using Guid(290bd0a8e1ca9bd419fe195294762a25) Importer(815301076,1909f56bfc062723c751e8b465ee728b) [PhysX] Initialized MultithreadedTaskDispatcher with 8 workers.
[PhysX] Initialized MultithreadedTaskDispatcher with 8 workers.
[PhysX] Initialized MultithreadedTaskDispatcher with 8 workers.
[PhysX] Initialized MultithreadedTaskDispatcher with 8 workers.
 -> (artifact id: '9b8e0c4454b4a72a3b683711a9c68f4d') in 0.074013 seconds
Number of updated asset objects reloaded before import = 0
Number of asset objects unloaded after import = 10
========================================================================
Received Import Request.
  Time since last request: 187.758525 seconds.
  path: Assets/Models/Story1/Props/Cables/Cable6.fbx
  artifactKey: Guid(7488c7b55b7b80447b6f1823f1b31a36) Importer(815301076,1909f56bfc062723c751e8b465ee728b)
Start importing Assets/Models/Story1/Props/Cables/Cable6.fbx using Guid(7488c7b55b7b80447b6f1823f1b31a36) Importer(815301076,1909f56bfc062723c751e8b465ee728b) [PhysX] Initialized MultithreadedTaskDispatcher with 8 workers.
[PhysX] Initialized MultithreadedTaskDispatcher with 8 workers.
[PhysX] Initialized MultithreadedTaskDispatcher with 8 workers.
[PhysX] Initialized MultithreadedTaskDispatcher with 8 workers.
 -> (artifact id: 'ab19e55990b17b411baa68cf1099a9a7') in 0.043468 seconds
Number of updated asset objects reloaded before import = 0
Number of asset objects unloaded after import = 10
========================================================================
Received Import Request.
  Time since last request: 2.176444 seconds.
  path: Assets/Models/Story1/Props/Columasyrejas
  artifactKey: Guid(9da4cc8db700dbb43bdbd72d1869dd0d) Importer(815301076,1909f56bfc062723c751e8b465ee728b)
Start importing Assets/Models/Story1/Props/Columasyrejas using Guid(9da4cc8db700dbb43bdbd72d1869dd0d) Importer(815301076,1909f56bfc062723c751e8b465ee728b) [PhysX] Initialized MultithreadedTaskDispatcher with 8 workers.
 -> (artifact id: '79e4b56849df9e1185e4f8b574ad3bdb') in 0.000490 seconds
Number of updated asset objects reloaded before import = 0
Number of asset objects unloaded after import = 0
========================================================================
Received Import Request.
  Time since last request: 0.039434 seconds.
  path: Assets/Models/Story1/Props/Columasyrejas/Columnarejamonoblock.fbx
  artifactKey: Guid(9199c9fc1b90428448148e8ba467a69f) Importer(815301076,1909f56bfc062723c751e8b465ee728b)
Start importing Assets/Models/Story1/Props/Columasyrejas/Columnarejamonoblock.fbx using Guid(9199c9fc1b90428448148e8ba467a69f) Importer(815301076,1909f56bfc062723c751e8b465ee728b) [PhysX] Initialized MultithreadedTaskDispatcher with 8 workers.
[PhysX] Initialized MultithreadedTaskDispatcher with 8 workers.
[PhysX] Initialized MultithreadedTaskDispatcher with 8 workers.
[PhysX] Initialized MultithreadedTaskDispatcher with 8 workers.
[PhysX] Initialized MultithreadedTaskDispatcher with 8 workers.
[PhysX] Initialized MultithreadedTaskDispatcher with 8 workers.
[PhysX] Initialized MultithreadedTaskDispatcher with 8 workers.
[PhysX] Initialized MultithreadedTaskDispatcher with 8 workers.
 -> (artifact id: 'bcb339d9fa8c5c1ac7664cc3b9264c42') in 0.047499 seconds
Number of updated asset objects reloaded before import = 0
Number of asset objects unloaded after import = 12
========================================================================
Received Import Request.
  Time since last request: 6.979712 seconds.
  path: Assets/Models/Story1/Props/Columasyrejas/Columnarejamonoblock.fbx
  artifactKey: Guid(9199c9fc1b90428448148e8ba467a69f) Importer(815301076,1909f56bfc062723c751e8b465ee728b)
Start importing Assets/Models/Story1/Props/Columasyrejas/Columnarejamonoblock.fbx using Guid(9199c9fc1b90428448148e8ba467a69f) Importer(815301076,1909f56bfc062723c751e8b465ee728b) [PhysX] Initialized MultithreadedTaskDispatcher with 8 workers.
[PhysX] Initialized MultithreadedTaskDispatcher with 8 workers.
[PhysX] Initialized MultithreadedTaskDispatcher with 8 workers.
 -> (artifact id: '960d304c9e77374a9a32735c8b05d718') in 0.039709 seconds
Number of updated asset objects reloaded before import = 0
Number of asset objects unloaded after import = 9
========================================================================
Received Import Request.
  Time since last request: 127.340621 seconds.
  path: Assets/Models/Story1/Props/Columasyrejas/Columnasmonoblock.fbx
  artifactKey: Guid(1e2c90650a0c8364f9a7e6f21b340d5a) Importer(815301076,1909f56bfc062723c751e8b465ee728b)
Start importing Assets/Models/Story1/Props/Columasyrejas/Columnasmonoblock.fbx using Guid(1e2c90650a0c8364f9a7e6f21b340d5a) Importer(815301076,1909f56bfc062723c751e8b465ee728b) [PhysX] Initialized MultithreadedTaskDispatcher with 8 workers.
[PhysX] Initialized MultithreadedTaskDispatcher with 8 workers.
[PhysX] Initialized MultithreadedTaskDispatcher with 8 workers.
[PhysX] Initialized MultithreadedTaskDispatcher with 8 workers.
[PhysX] Initialized MultithreadedTaskDispatcher with 8 workers.
[PhysX] Initialized MultithreadedTaskDispatcher with 8 workers.
[PhysX] Initialized MultithreadedTaskDispatcher with 8 workers.
[PhysX] Initialized MultithreadedTaskDispatcher with 8 workers.
 -> (artifact id: 'c9d3ed922cd04ee1b8b61000274a6eeb') in 0.081166 seconds
Number of updated asset objects reloaded before import = 0
Number of asset objects unloaded after import = 12
========================================================================
Received Import Request.
  Time since last request: 3.908775 seconds.
  path: Assets/Models/Story1/Props/Columasyrejas/Columnasmonoblock.fbx
  artifactKey: Guid(1e2c90650a0c8364f9a7e6f21b340d5a) Importer(815301076,1909f56bfc062723c751e8b465ee728b)
Start importing Assets/Models/Story1/Props/Columasyrejas/Columnasmonoblock.fbx using Guid(1e2c90650a0c8364f9a7e6f21b340d5a) Importer(815301076,1909f56bfc062723c751e8b465ee728b) [PhysX] Initialized MultithreadedTaskDispatcher with 8 workers.
[PhysX] Initialized MultithreadedTaskDispatcher with 8 workers.
[PhysX] Initialized MultithreadedTaskDispatcher with 8 workers.
 -> (artifact id: 'bf2c6e5a5ed1dc6c47f0a3c82c70745c') in 0.017593 seconds
Number of updated asset objects reloaded before import = 0
Number of asset objects unloaded after import = 9
========================================================================
Received Import Request.
  Time since last request: 83.660694 seconds.
  path: Assets/Models/Story1/Props/Columasyrejas/rejacercamonoblock.fbx
  artifactKey: Guid(afee29a51d8439146afb427e3ce51472) Importer(815301076,1909f56bfc062723c751e8b465ee728b)
Start importing Assets/Models/Story1/Props/Columasyrejas/rejacercamonoblock.fbx using Guid(afee29a51d8439146afb427e3ce51472) Importer(815301076,1909f56bfc062723c751e8b465ee728b) [PhysX] Initialized MultithreadedTaskDispatcher with 8 workers.
[PhysX] Initialized MultithreadedTaskDispatcher with 8 workers.
[PhysX] Initialized MultithreadedTaskDispatcher with 8 workers.
[PhysX] Initialized MultithreadedTaskDispatcher with 8 workers.
[PhysX] Initialized MultithreadedTaskDispatcher with 8 workers.
[PhysX] Initialized MultithreadedTaskDispatcher with 8 workers.
 -> (artifact id: '4be264b630d7ac85b2c649aa316a71f2') in 0.042759 seconds
Number of updated asset objects reloaded before import = 0
Number of asset objects unloaded after import = 11
========================================================================
Received Import Request.
  Time since last request: 114.142418 seconds.
  path: Assets/Models/Story1/Props/Columasyrejas/rejasmonoblock.fbx
  artifactKey: Guid(b440bedfa48bb0c45b64aa26a8e5f0b4) Importer(815301076,1909f56bfc062723c751e8b465ee728b)
Start importing Assets/Models/Story1/Props/Columasyrejas/rejasmonoblock.fbx using Guid(b440bedfa48bb0c45b64aa26a8e5f0b4) Importer(815301076,1909f56bfc062723c751e8b465ee728b) [PhysX] Initialized MultithreadedTaskDispatcher with 8 workers.
[PhysX] Initialized MultithreadedTaskDispatcher with 8 workers.
[PhysX] Initialized MultithreadedTaskDispatcher with 8 workers.
[PhysX] Initialized MultithreadedTaskDispatcher with 8 workers.
 -> (artifact id: 'd9a1001763de2ac8229c839751b625ea') in 0.033553 seconds
Number of updated asset objects reloaded before import = 0
Number of asset objects unloaded after import = 8
========================================================================
Received Import Request.
  Time since last request: 3.667552 seconds.
  path: Assets/Models/Story1/Props/Columasyrejas/rejasmonoblock.fbx
  artifactKey: Guid(b440bedfa48bb0c45b64aa26a8e5f0b4) Importer(815301076,1909f56bfc062723c751e8b465ee728b)
Start importing Assets/Models/Story1/Props/Columasyrejas/rejasmonoblock.fbx using Guid(b440bedfa48bb0c45b64aa26a8e5f0b4) Importer(815301076,1909f56bfc062723c751e8b465ee728b) [PhysX] Initialized MultithreadedTaskDispatcher with 8 workers.
[PhysX] Initialized MultithreadedTaskDispatcher with 8 workers.
[PhysX] Initialized MultithreadedTaskDispatcher with 8 workers.
 -> (artifact id: '973d3777db13a716bbf02fba3147681d') in 0.035831 seconds
Number of updated asset objects reloaded before import = 0
Number of asset objects unloaded after import = 9
========================================================================
Received Import Request.
  Time since last request: 8.756978 seconds.
  path: Assets/Models/Story1/Props/Columasyrejas/Columnarejamonoblock.fbm
  artifactKey: Guid(c6d6b35e3e1f2ac49a572639e56bd488) Importer(815301076,1909f56bfc062723c751e8b465ee728b)
Start importing Assets/Models/Story1/Props/Columasyrejas/Columnarejamonoblock.fbm using Guid(c6d6b35e3e1f2ac49a572639e56bd488) Importer(815301076,1909f56bfc062723c751e8b465ee728b) [PhysX] Initialized MultithreadedTaskDispatcher with 8 workers.
 -> (artifact id: 'e804fe958797640bd176e181f6df97ea') in 0.000566 seconds
Number of updated asset objects reloaded before import = 0
Number of asset objects unloaded after import = 0
========================================================================
Received Import Request.
  Time since last request: 1.941646 seconds.
  path: Assets/Models/Story1/Props/Columasyrejas/Columnasmonoblock.fbm
  artifactKey: Guid(08dc6d8db3991cc40870dc5c64df6ffa) Importer(815301076,1909f56bfc062723c751e8b465ee728b)
Start importing Assets/Models/Story1/Props/Columasyrejas/Columnasmonoblock.fbm using Guid(08dc6d8db3991cc40870dc5c64df6ffa) Importer(815301076,1909f56bfc062723c751e8b465ee728b) [PhysX] Initialized MultithreadedTaskDispatcher with 8 workers.
 -> (artifact id: '8dff2898e5b929c592be832eebee5712') in 0.000374 seconds
Number of updated asset objects reloaded before import = 0
Number of asset objects unloaded after import = 0
========================================================================
Received Import Request.
  Time since last request: 0.052644 seconds.
  path: Assets/Models/Story1/Props/Columasyrejas/Columnasmonoblock.fbm/columnasalidamono.jpg
  artifactKey: Guid(fe37a7b20f68e6840b80b6c794a93a56) Importer(815301076,1909f56bfc062723c751e8b465ee728b)
Start importing Assets/Models/Story1/Props/Columasyrejas/Columnasmonoblock.fbm/columnasalidamono.jpg using Guid(fe37a7b20f68e6840b80b6c794a93a56) Importer(815301076,1909f56bfc062723c751e8b465ee728b) [PhysX] Initialized MultithreadedTaskDispatcher with 8 workers.
[PhysX] Initialized MultithreadedTaskDispatcher with 8 workers.
 -> (artifact id: '19f9f36a511de0875c0f5d51c1fd7e69') in 0.018610 seconds
Number of updated asset objects reloaded before import = 0
Number of asset objects unloaded after import = 2
========================================================================
Received Import Request.
  Time since last request: 2.137883 seconds.
  path: Assets/Models/Story1/Props/Columasyrejas/Materials
  artifactKey: Guid(e32f24db090ef5f45b5af3dc4b8b5e10) Importer(815301076,1909f56bfc062723c751e8b465ee728b)
Start importing Assets/Models/Story1/Props/Columasyrejas/Materials using Guid(e32f24db090ef5f45b5af3dc4b8b5e10) Importer(815301076,1909f56bfc062723c751e8b465ee728b) [PhysX] Initialized MultithreadedTaskDispatcher with 8 workers.
 -> (artifact id: 'c799b8982b778ef95c3d2fcb65e21963') in 0.000596 seconds
Number of updated asset objects reloaded before import = 0
Number of asset objects unloaded after import = 0
========================================================================
Received Import Request.
  Time since last request: 0.045016 seconds.
  path: Assets/Models/Story1/Props/Columasyrejas/Materials/columnasalidamono.mat
  artifactKey: Guid(cfcbf1e8f9576ce45abf463d8607601e) Importer(815301076,1909f56bfc062723c751e8b465ee728b)
Start importing Assets/Models/Story1/Props/Columasyrejas/Materials/columnasalidamono.mat using Guid(cfcbf1e8f9576ce45abf463d8607601e) Importer(815301076,1909f56bfc062723c751e8b465ee728b) [PhysX] Initialized MultithreadedTaskDispatcher with 8 workers.
[PhysX] Initialized MultithreadedTaskDispatcher with 8 workers.
 -> (artifact id: '6b8b8247636b17b693a636f77c491e60') in 0.014838 seconds
Number of updated asset objects reloaded before import = 0
Number of asset objects unloaded after import = 2
========================================================================
Received Import Request.
  Time since last request: 0.000025 seconds.
  path: Assets/Models/Story1/Props/Columasyrejas/Materials/dedewd.mat
  artifactKey: Guid(adeb53375ce9f0a4e99bfc3163501230) Importer(815301076,1909f56bfc062723c751e8b465ee728b)
Start importing Assets/Models/Story1/Props/Columasyrejas/Materials/dedewd.mat using Guid(adeb53375ce9f0a4e99bfc3163501230) Importer(815301076,1909f56bfc062723c751e8b465ee728b) [PhysX] Initialized MultithreadedTaskDispatcher with 8 workers.
[PhysX] Initialized MultithreadedTaskDispatcher with 8 workers.
 -> (artifact id: 'c0cda3e0231355376f6517379023094c') in 0.015339 seconds
Number of updated asset objects reloaded before import = 0
Number of asset objects unloaded after import = 2
