Using pre-set license
Built from '2022.3/staging' branch; Version is '2022.3.62f1 (4af31df58517) revision 4911901'; Using compiler version '192829333'; Build Type 'Release'
OS: 'Windows 10  (10.0.19045) 64bit Professional' Language: 'es' Physical Memory: 16311 MB
BatchMode: 1, IsHumanControllingUs: 0, StartBugReporterOnCrash: 0, Is64bit: 1, IsPro: 1

COMMAND LINE ARGUMENTS:
E:\Program Files\Unity Hub\Editor\2022.3.62f1\Editor\Unity.exe
-adb2
-batchMode
-noUpm
-name
AssetImportWorker0
-projectPath
F:/Escritorio/PROYECTODEGRADO/PROYECTODEGRADO/VIDEOJUEGO
-logFile
Logs/AssetImportWorker0.log
-srvPort
63928
Successfully changed project path to: F:/Escritorio/PROYECTODEGRADO/PROYECTODEGRADO/VIDEOJUEGO
F:/Escritorio/PROYECTODEGRADO/PROYECTODEGRADO/VIDEOJUEGO
[UnityMemory] Configuration Parameters - Can be set up in boot.config
    "memorysetup-bucket-allocator-granularity=16"
    "memorysetup-bucket-allocator-bucket-count=8"
    "memorysetup-bucket-allocator-block-size=33554432"
    "memorysetup-bucket-allocator-block-count=8"
    "memorysetup-main-allocator-block-size=16777216"
    "memorysetup-thread-allocator-block-size=16777216"
    "memorysetup-gfx-main-allocator-block-size=16777216"
    "memorysetup-gfx-thread-allocator-block-size=16777216"
    "memorysetup-cache-allocator-block-size=4194304"
    "memorysetup-typetree-allocator-block-size=2097152"
    "memorysetup-profiler-bucket-allocator-granularity=16"
    "memorysetup-profiler-bucket-allocator-bucket-count=8"
    "memorysetup-profiler-bucket-allocator-block-size=33554432"
    "memorysetup-profiler-bucket-allocator-block-count=8"
    "memorysetup-profiler-allocator-block-size=16777216"
    "memorysetup-profiler-editor-allocator-block-size=1048576"
    "memorysetup-temp-allocator-size-main=16777216"
    "memorysetup-job-temp-allocator-block-size=2097152"
    "memorysetup-job-temp-allocator-block-size-background=1048576"
    "memorysetup-job-temp-allocator-reduction-small-platforms=262144"
    "memorysetup-allocator-temp-initial-block-size-main=262144"
    "memorysetup-allocator-temp-initial-block-size-worker=262144"
    "memorysetup-temp-allocator-size-background-worker=32768"
    "memorysetup-temp-allocator-size-job-worker=262144"
    "memorysetup-temp-allocator-size-preload-manager=33554432"
    "memorysetup-temp-allocator-size-nav-mesh-worker=65536"
    "memorysetup-temp-allocator-size-audio-worker=65536"
    "memorysetup-temp-allocator-size-cloud-worker=32768"
    "memorysetup-temp-allocator-size-gi-baking-worker=262144"
    "memorysetup-temp-allocator-size-gfx=262144"
Player connection [32032]  Target information:

Player connection [32032]  * "[IP] 192.168.0.4 [Port] 0 [Flags] 2 [Guid] 1186636356 [EditorId] 1186636356 [Version] 1048832 [Id] WindowsEditor(7,DESKTOP-I2AGRN9) [Debug] 1 [PackageName] WindowsEditor [ProjectName] Editor" 

Player connection [32032] Host joined multi-casting on [225.0.0.222:54997]...
Player connection [32032] Host joined alternative multi-casting on [225.0.0.222:34997]...
Input System module state changed to: Initialized.
[PhysX] Initialized MultithreadedTaskDispatcher with 8 workers.
Refreshing native plugins compatible for Editor in 4.99 ms, found 3 plugins.
Preloading 0 native plugins for Editor in 0.00 ms.
Initialize engine version: 2022.3.62f1 (4af31df58517)
[Subsystems] Discovering subsystems at path E:/Program Files/Unity Hub/Editor/2022.3.62f1/Editor/Data/Resources/UnitySubsystems
[Subsystems] Discovering subsystems at path F:/Escritorio/PROYECTODEGRADO/PROYECTODEGRADO/VIDEOJUEGO/Assets
GfxDevice: creating device client; threaded=0; jobified=0
Direct3D:
    Version:  Direct3D 11.0 [level 11.1]
    Renderer: NVIDIA GeForce RTX 3050 (ID=0x2582)
    Vendor:   NVIDIA
    VRAM:     8042 MB
    Driver:   32.0.15.8142
Initialize mono
Mono path[0] = 'E:/Program Files/Unity Hub/Editor/2022.3.62f1/Editor/Data/Managed'
Mono path[1] = 'E:/Program Files/Unity Hub/Editor/2022.3.62f1/Editor/Data/MonoBleedingEdge/lib/mono/unityjit-win32'
Mono config path = 'E:/Program Files/Unity Hub/Editor/2022.3.62f1/Editor/Data/MonoBleedingEdge/etc'
Using monoOptions --debugger-agent=transport=dt_socket,embedding=1,server=y,suspend=n,address=127.0.0.1:56624
Begin MonoManager ReloadAssembly
Registering precompiled unity dll's ...
Register platform support module: E:/Program Files/Unity Hub/Editor/2022.3.62f1/Editor/Data/PlaybackEngines/WebGLSupport/UnityEditor.WebGL.Extensions.dll
Register platform support module: E:/Program Files/Unity Hub/Editor/2022.3.62f1/Editor/Data/PlaybackEngines/AndroidPlayer/UnityEditor.Android.Extensions.dll
Register platform support module: E:/Program Files/Unity Hub/Editor/2022.3.62f1/Editor/Data/PlaybackEngines/WindowsStandaloneSupport/UnityEditor.WindowsStandalone.Extensions.dll
Register platform support module: E:/Program Files/Unity Hub/Editor/2022.3.62f1/Editor/Data/PlaybackEngines/MetroSupport/UnityEditor.UWP.Extensions.dll
Registered in 0.006500 seconds.
- Loaded All Assemblies, in  0.378 seconds
Native extension for UWP target not found
Native extension for WindowsStandalone target not found
Native extension for Android target not found
Android Extension - Scanning For ADB Devices 233 ms
Native extension for WebGL target not found
Mono: successfully reloaded assembly
- Finished resetting the current domain, in  0.528 seconds
Domain Reload Profiling: 907ms
	BeginReloadAssembly (123ms)
		ExecutionOrderSort (0ms)
		DisableScriptedObjects (0ms)
		BackupInstance (0ms)
		ReleaseScriptingObjects (0ms)
		CreateAndSetChildDomain (1ms)
	RebuildCommonClasses (37ms)
	RebuildNativeTypeToScriptingClass (10ms)
	initialDomainReloadingComplete (50ms)
	LoadAllAssembliesAndSetupDomain (158ms)
		LoadAssemblies (123ms)
		RebuildTransferFunctionScriptingTraits (0ms)
		AnalyzeDomain (155ms)
			TypeCache.Refresh (153ms)
				TypeCache.ScanAssembly (139ms)
			ScanForSourceGeneratedMonoScriptInfo (0ms)
			ResolveRequiredComponents (0ms)
	FinalizeReload (529ms)
		ReleaseScriptCaches (0ms)
		RebuildScriptCaches (0ms)
		SetupLoadedEditorAssemblies (483ms)
			LogAssemblyErrors (0ms)
			InitializePlatformSupportModulesInManaged (311ms)
			SetLoadedEditorAssemblies (5ms)
			RefreshPlugins (0ms)
			BeforeProcessingInitializeOnLoad (2ms)
			ProcessInitializeOnLoadAttributes (120ms)
			ProcessInitializeOnLoadMethodAttributes (44ms)
			AfterProcessingInitializeOnLoad (0ms)
			EditorAssembliesLoaded (0ms)
		ExecutionOrderSort2 (0ms)
		AwakeInstancesAfterBackupRestoration (0ms)
========================================================================
Worker process is ready to serve import requests
Caller must complete domain reload
Begin MonoManager ReloadAssembly
- Loaded All Assemblies, in  0.617 seconds
Native extension for UWP target not found
Native extension for WindowsStandalone target not found
Native extension for Android target not found
Native extension for WebGL target not found
Mono: successfully reloaded assembly
- Finished resetting the current domain, in  0.666 seconds
Domain Reload Profiling: 1283ms
	BeginReloadAssembly (161ms)
		ExecutionOrderSort (0ms)
		DisableScriptedObjects (5ms)
		BackupInstance (0ms)
		ReleaseScriptingObjects (0ms)
		CreateAndSetChildDomain (21ms)
	RebuildCommonClasses (35ms)
	RebuildNativeTypeToScriptingClass (10ms)
	initialDomainReloadingComplete (35ms)
	LoadAllAssembliesAndSetupDomain (376ms)
		LoadAssemblies (304ms)
		RebuildTransferFunctionScriptingTraits (0ms)
		AnalyzeDomain (176ms)
			TypeCache.Refresh (155ms)
				TypeCache.ScanAssembly (140ms)
			ScanForSourceGeneratedMonoScriptInfo (14ms)
			ResolveRequiredComponents (5ms)
	FinalizeReload (666ms)
		ReleaseScriptCaches (0ms)
		RebuildScriptCaches (0ms)
		SetupLoadedEditorAssemblies (529ms)
			LogAssemblyErrors (0ms)
			InitializePlatformSupportModulesInManaged (16ms)
			SetLoadedEditorAssemblies (3ms)
			RefreshPlugins (0ms)
			BeforeProcessingInitializeOnLoad (49ms)
			ProcessInitializeOnLoadAttributes (442ms)
			ProcessInitializeOnLoadMethodAttributes (17ms)
			AfterProcessingInitializeOnLoad (2ms)
			EditorAssembliesLoaded (0ms)
		ExecutionOrderSort2 (0ms)
		AwakeInstancesAfterBackupRestoration (5ms)
Launched and connected shader compiler UnityShaderCompiler.exe after 0.12 seconds
Refreshing native plugins compatible for Editor in 1.63 ms, found 3 plugins.
Preloading 0 native plugins for Editor in 0.00 ms.
Unloading 3247 Unused Serialized files (Serialized files now loaded: 0)
Unloading 19 unused Assets / (54.5 KB). Loaded Objects now: 3716.
Memory consumption went from 121.7 MB to 121.6 MB.
Total: 3.326600 ms (FindLiveObjects: 0.250200 ms CreateObjectMapping: 0.149400 ms MarkObjects: 2.857300 ms  DeleteObjects: 0.068700 ms)

AssetImportParameters requested are different than current active one (requested -> active):
  custom:container-demuxer-ogg: 62fdf1f143b41e24485cea50d1cbac27 -> 
  custom:video-codec-MediaFoundation-h265: 746d11721c4dcdbdad8f713fa42b33f4 -> 
  custom:video-decoder-ogg-theora: a1e56fd34408186e4bbccfd4996cb3dc -> 
  custom:framework-win-MediaFoundation: 216162199b28c13a410421893ffa2e32 -> 
  custom:CustomObjectIndexerAttribute: 9a22284fe3817be447336de3de66b15e -> 
  custom:container-demuxer-webm: 4f35f7cbe854078d1ac9338744f61a02 -> 
  custom:container-muxer-webm: aa71ff27fc2769a1b78a27578f13a17b -> 
  custom:video-decoder-webm-vp8: 9c59270c3fd7afecdb556c50c9e8de78 -> 
  custom:SearchIndexIgnoredProperties: e643bd26f0fe6173181afceb89e7c659 -> 
  custom:AudioImporter_EditorPlatform: d09bf68614088b80899f8185d706f6e7 -> 
  custom:video-encoder-webm-vp8: eb34c28f22e8b96e1ab97ce403110664 -> 
  custom:audio-decoder-ogg-vorbis: bf7c407c2cedff20999df2af8eb42d56 -> 
  custom:audio-encoder-webm-vorbis: bf7c407c2cedff20999df2af8eb42d56 -> 
========================================================================
Received Import Request.
  Time since last request: 4847393.174695 seconds.
  path: Assets/Models/Story1
  artifactKey: Guid(a1cc6f92eecaebe46b1d59bd79b10693) Importer(815301076,1909f56bfc062723c751e8b465ee728b)
Start importing Assets/Models/Story1 using Guid(a1cc6f92eecaebe46b1d59bd79b10693) Importer(815301076,1909f56bfc062723c751e8b465ee728b) [PhysX] Initialized MultithreadedTaskDispatcher with 8 workers.
 -> (artifact id: '206697cec57745a43ba49a39de22026a') in 0.007581 seconds
Number of updated asset objects reloaded before import = 0
Number of asset objects unloaded after import = 0
========================================================================
Received Import Request.
  Time since last request: 0.695596 seconds.
  path: Assets/Models/Story1/Autos
  artifactKey: Guid(26d9b1910ecc23249a7886d94518cb95) Importer(815301076,1909f56bfc062723c751e8b465ee728b)
Start importing Assets/Models/Story1/Autos using Guid(26d9b1910ecc23249a7886d94518cb95) Importer(815301076,1909f56bfc062723c751e8b465ee728b) [PhysX] Initialized MultithreadedTaskDispatcher with 8 workers.
 -> (artifact id: '09567e49348cfda7edf9ab00448ade34') in 0.000392 seconds
Number of updated asset objects reloaded before import = 0
Number of asset objects unloaded after import = 0
========================================================================
Received Import Request.
  Time since last request: 30.517132 seconds.
  path: Assets/Models/Story1/Autos/Auto1.fbx
  artifactKey: Guid(35e142b6ad467f944ac6dc28430de2b9) Importer(815301076,1909f56bfc062723c751e8b465ee728b)
Start importing Assets/Models/Story1/Autos/Auto1.fbx using Guid(35e142b6ad467f944ac6dc28430de2b9) Importer(815301076,1909f56bfc062723c751e8b465ee728b) [PhysX] Initialized MultithreadedTaskDispatcher with 8 workers.
[PhysX] Initialized MultithreadedTaskDispatcher with 8 workers.
[PhysX] Initialized MultithreadedTaskDispatcher with 8 workers.
[PhysX] Initialized MultithreadedTaskDispatcher with 8 workers.
[PhysX] Initialized MultithreadedTaskDispatcher with 8 workers.
[PhysX] Initialized MultithreadedTaskDispatcher with 8 workers.
[PhysX] Initialized MultithreadedTaskDispatcher with 8 workers.
[PhysX] Initialized MultithreadedTaskDispatcher with 8 workers.
[PhysX] Initialized MultithreadedTaskDispatcher with 8 workers.
 -> (artifact id: 'de14f9c406735bddd3ba48695feaa6f1') in 0.699950 seconds
Number of updated asset objects reloaded before import = 0
Number of asset objects unloaded after import = 17
========================================================================
Received Import Request.
  Time since last request: 37.874670 seconds.
  path: Assets/Textures
  artifactKey: Guid(9c3becba20ef4e44692bad309038df07) Importer(815301076,1909f56bfc062723c751e8b465ee728b)
Start importing Assets/Textures using Guid(9c3becba20ef4e44692bad309038df07) Importer(815301076,1909f56bfc062723c751e8b465ee728b) [PhysX] Initialized MultithreadedTaskDispatcher with 8 workers.
 -> (artifact id: '942c6eeda390dd9f13bad983a5e67453') in 0.000449 seconds
Number of updated asset objects reloaded before import = 0
Number of asset objects unloaded after import = 0
========================================================================
Received Import Request.
  Time since last request: 1.194273 seconds.
  path: Assets/Textures/Story1
  artifactKey: Guid(87838688a20ad454a9adec4fb1114f99) Importer(815301076,1909f56bfc062723c751e8b465ee728b)
Start importing Assets/Textures/Story1 using Guid(87838688a20ad454a9adec4fb1114f99) Importer(815301076,1909f56bfc062723c751e8b465ee728b) [PhysX] Initialized MultithreadedTaskDispatcher with 8 workers.
 -> (artifact id: '25b211b63a0b1693f91b9937000ac164') in 0.000490 seconds
Number of updated asset objects reloaded before import = 0
Number of asset objects unloaded after import = 0
========================================================================
Received Import Request.
  Time since last request: 41.221162 seconds.
  path: Assets/Models/Story1/Autos/Auto1.fbx
  artifactKey: Guid(35e142b6ad467f944ac6dc28430de2b9) Importer(815301076,1909f56bfc062723c751e8b465ee728b)
Start importing Assets/Models/Story1/Autos/Auto1.fbx using Guid(35e142b6ad467f944ac6dc28430de2b9) Importer(815301076,1909f56bfc062723c751e8b465ee728b) [PhysX] Initialized MultithreadedTaskDispatcher with 8 workers.
[PhysX] Initialized MultithreadedTaskDispatcher with 8 workers.
[PhysX] Initialized MultithreadedTaskDispatcher with 8 workers.
[PhysX] Initialized MultithreadedTaskDispatcher with 8 workers.
[PhysX] Initialized MultithreadedTaskDispatcher with 8 workers.
[PhysX] Initialized MultithreadedTaskDispatcher with 8 workers.
 -> (artifact id: 'd61a8efe1f91022849a85eb6557b23de') in 0.081480 seconds
Number of updated asset objects reloaded before import = 0
Number of asset objects unloaded after import = 16
========================================================================
Received Import Request.
  Time since last request: 4.902547 seconds.
  path: Assets/Models/Story1/Autos/Auto1.fbm
  artifactKey: Guid(243ca1166bc7b2646bff528a12eb6575) Importer(815301076,1909f56bfc062723c751e8b465ee728b)
Start importing Assets/Models/Story1/Autos/Auto1.fbm using Guid(243ca1166bc7b2646bff528a12eb6575) Importer(815301076,1909f56bfc062723c751e8b465ee728b) [PhysX] Initialized MultithreadedTaskDispatcher with 8 workers.
 -> (artifact id: '8dfc8979be69d226ae4a2efbe24d9264') in 0.000515 seconds
Number of updated asset objects reloaded before import = 0
Number of asset objects unloaded after import = 0
========================================================================
Received Import Request.
  Time since last request: 1.342548 seconds.
  path: Assets/Models/Story1/Autos/Materials
  artifactKey: Guid(b38ce421819a38e4b8ecd10b645d18f5) Importer(815301076,1909f56bfc062723c751e8b465ee728b)
Start importing Assets/Models/Story1/Autos/Materials using Guid(b38ce421819a38e4b8ecd10b645d18f5) Importer(815301076,1909f56bfc062723c751e8b465ee728b) [PhysX] Initialized MultithreadedTaskDispatcher with 8 workers.
 -> (artifact id: 'bbbd9a2b45c9a7c41461d44eb729dc80') in 0.000428 seconds
Number of updated asset objects reloaded before import = 0
Number of asset objects unloaded after import = 0
========================================================================
Received Import Request.
  Time since last request: 43.717575 seconds.
  path: Assets/Models/Story1/Autos/Auto1
  artifactKey: Guid(232cd0a5be6837a46b6d1728e4192ea9) Importer(815301076,1909f56bfc062723c751e8b465ee728b)
Start importing Assets/Models/Story1/Autos/Auto1 using Guid(232cd0a5be6837a46b6d1728e4192ea9) Importer(815301076,1909f56bfc062723c751e8b465ee728b) [PhysX] Initialized MultithreadedTaskDispatcher with 8 workers.
 -> (artifact id: 'b9fe2b589a6687934e7e6aaa31b10433') in 0.000396 seconds
Number of updated asset objects reloaded before import = 0
Number of asset objects unloaded after import = 0
========================================================================
Received Import Request.
  Time since last request: 19.012877 seconds.
  path: Assets/Models/Story1/Autos/Auto2
  artifactKey: Guid(0bca543d08c0c4041822eecc4a2d5018) Importer(815301076,1909f56bfc062723c751e8b465ee728b)
Start importing Assets/Models/Story1/Autos/Auto2 using Guid(0bca543d08c0c4041822eecc4a2d5018) Importer(815301076,1909f56bfc062723c751e8b465ee728b) [PhysX] Initialized MultithreadedTaskDispatcher with 8 workers.
 -> (artifact id: 'cdb3079bc27a3ce40db760a97d21774c') in 0.000464 seconds
Number of updated asset objects reloaded before import = 0
Number of asset objects unloaded after import = 0
========================================================================
Received Import Request.
  Time since last request: 61.364933 seconds.
  path: Assets/Models/Story1/Autos/Auto2/Auto2.fbx
  artifactKey: Guid(a4dc960868d84c0448aea371099ee4bc) Importer(815301076,1909f56bfc062723c751e8b465ee728b)
Start importing Assets/Models/Story1/Autos/Auto2/Auto2.fbx using Guid(a4dc960868d84c0448aea371099ee4bc) Importer(815301076,1909f56bfc062723c751e8b465ee728b) [PhysX] Initialized MultithreadedTaskDispatcher with 8 workers.
[PhysX] Initialized MultithreadedTaskDispatcher with 8 workers.
[PhysX] Initialized MultithreadedTaskDispatcher with 8 workers.
[PhysX] Initialized MultithreadedTaskDispatcher with 8 workers.
 -> (artifact id: 'fb3381600d902281d29539c8971acfb7') in 0.051618 seconds
Number of updated asset objects reloaded before import = 0
Number of asset objects unloaded after import = 8
========================================================================
Received Import Request.
  Time since last request: 56.279069 seconds.
  path: Assets/Models/Story1/Autos/Auto2/Auto2.fbx
  artifactKey: Guid(a4dc960868d84c0448aea371099ee4bc) Importer(815301076,1909f56bfc062723c751e8b465ee728b)
Start importing Assets/Models/Story1/Autos/Auto2/Auto2.fbx using Guid(a4dc960868d84c0448aea371099ee4bc) Importer(815301076,1909f56bfc062723c751e8b465ee728b) [PhysX] Initialized MultithreadedTaskDispatcher with 8 workers.
[PhysX] Initialized MultithreadedTaskDispatcher with 8 workers.
[PhysX] Initialized MultithreadedTaskDispatcher with 8 workers.
[PhysX] Initialized MultithreadedTaskDispatcher with 8 workers.
 -> (artifact id: 'f0abd12a7197865de893e192b2208a2d') in 0.076302 seconds
Number of updated asset objects reloaded before import = 0
Number of asset objects unloaded after import = 8
========================================================================
Received Import Request.
  Time since last request: 23.853777 seconds.
  path: Assets/Models/Story1/Autos/Auto2/Auto2.fbx
  artifactKey: Guid(a4dc960868d84c0448aea371099ee4bc) Importer(815301076,1909f56bfc062723c751e8b465ee728b)
Start importing Assets/Models/Story1/Autos/Auto2/Auto2.fbx using Guid(a4dc960868d84c0448aea371099ee4bc) Importer(815301076,1909f56bfc062723c751e8b465ee728b) [PhysX] Initialized MultithreadedTaskDispatcher with 8 workers.
[PhysX] Initialized MultithreadedTaskDispatcher with 8 workers.
[PhysX] Initialized MultithreadedTaskDispatcher with 8 workers.
[PhysX] Initialized MultithreadedTaskDispatcher with 8 workers.
 -> (artifact id: '1294c72af38fb483b542aa95c8dc9bce') in 0.026599 seconds
Number of updated asset objects reloaded before import = 0
Number of asset objects unloaded after import = 8
========================================================================
Received Import Request.
  Time since last request: 7.092810 seconds.
  path: Assets/Models/Story1/Autos/Auto2/Auto2.fbx
  artifactKey: Guid(a4dc960868d84c0448aea371099ee4bc) Importer(815301076,1909f56bfc062723c751e8b465ee728b)
Start importing Assets/Models/Story1/Autos/Auto2/Auto2.fbx using Guid(a4dc960868d84c0448aea371099ee4bc) Importer(815301076,1909f56bfc062723c751e8b465ee728b) [PhysX] Initialized MultithreadedTaskDispatcher with 8 workers.
[PhysX] Initialized MultithreadedTaskDispatcher with 8 workers.
[PhysX] Initialized MultithreadedTaskDispatcher with 8 workers.
 -> (artifact id: 'e10c0bbd8cff3b4566c00c091e4b9504') in 0.031201 seconds
Number of updated asset objects reloaded before import = 0
Number of asset objects unloaded after import = 9
========================================================================
Received Import Request.
  Time since last request: 63.926277 seconds.
  path: Assets/Models/Story1/Autos/Auto2/Auto2rojo.fbx
  artifactKey: Guid(e7ac0c70fccc75f488db6328bf080bfa) Importer(815301076,1909f56bfc062723c751e8b465ee728b)
Start importing Assets/Models/Story1/Autos/Auto2/Auto2rojo.fbx using Guid(e7ac0c70fccc75f488db6328bf080bfa) Importer(815301076,1909f56bfc062723c751e8b465ee728b) [PhysX] Initialized MultithreadedTaskDispatcher with 8 workers.
[PhysX] Initialized MultithreadedTaskDispatcher with 8 workers.
[PhysX] Initialized MultithreadedTaskDispatcher with 8 workers.
[PhysX] Initialized MultithreadedTaskDispatcher with 8 workers.
 -> (artifact id: '4005e020479e2f927bfce5aa68f38c9b') in 0.020046 seconds
Number of updated asset objects reloaded before import = 0
Number of asset objects unloaded after import = 8
========================================================================
Received Import Request.
  Time since last request: 5.961083 seconds.
  path: Assets/Models/Story1/Autos/Auto2/Auto2rojo.fbx
  artifactKey: Guid(e7ac0c70fccc75f488db6328bf080bfa) Importer(815301076,1909f56bfc062723c751e8b465ee728b)
Start importing Assets/Models/Story1/Autos/Auto2/Auto2rojo.fbx using Guid(e7ac0c70fccc75f488db6328bf080bfa) Importer(815301076,1909f56bfc062723c751e8b465ee728b) [PhysX] Initialized MultithreadedTaskDispatcher with 8 workers.
[PhysX] Initialized MultithreadedTaskDispatcher with 8 workers.
[PhysX] Initialized MultithreadedTaskDispatcher with 8 workers.
 -> (artifact id: 'c11a81cb8151c31100754249e597d600') in 0.032826 seconds
Number of updated asset objects reloaded before import = 0
Number of asset objects unloaded after import = 9
========================================================================
Received Import Request.
  Time since last request: 4.813291 seconds.
  path: Assets/Models/Story1/Autos/Auto2/Materials
  artifactKey: Guid(b53afd055ced9084099caa39d7c92377) Importer(815301076,1909f56bfc062723c751e8b465ee728b)
Start importing Assets/Models/Story1/Autos/Auto2/Materials using Guid(b53afd055ced9084099caa39d7c92377) Importer(815301076,1909f56bfc062723c751e8b465ee728b) [PhysX] Initialized MultithreadedTaskDispatcher with 8 workers.
 -> (artifact id: '4c447e5b25b077ce8cdf9f87788b9701') in 0.000593 seconds
Number of updated asset objects reloaded before import = 0
Number of asset objects unloaded after import = 0
========================================================================
Received Import Request.
  Time since last request: 0.044890 seconds.
  path: Assets/Models/Story1/Autos/Auto2/Materials/car_gray.mat
  artifactKey: Guid(1468fb2a7427f1e4ab74f20a8bb89112) Importer(815301076,1909f56bfc062723c751e8b465ee728b)
Start importing Assets/Models/Story1/Autos/Auto2/Materials/car_gray.mat using Guid(1468fb2a7427f1e4ab74f20a8bb89112) Importer(815301076,1909f56bfc062723c751e8b465ee728b) [PhysX] Initialized MultithreadedTaskDispatcher with 8 workers.
[PhysX] Initialized MultithreadedTaskDispatcher with 8 workers.
 -> (artifact id: 'e7f338ec7836b8329f76b241cf958895') in 0.018860 seconds
Number of updated asset objects reloaded before import = 0
Number of asset objects unloaded after import = 2
========================================================================
Received Import Request.
  Time since last request: 5.994359 seconds.
  path: Assets/Models/Story1/Autos/Auto2/Auto2.fbm
  artifactKey: Guid(ab3f93a241ef9ff4ca0bc92eaec0a107) Importer(815301076,1909f56bfc062723c751e8b465ee728b)
Start importing Assets/Models/Story1/Autos/Auto2/Auto2.fbm using Guid(ab3f93a241ef9ff4ca0bc92eaec0a107) Importer(815301076,1909f56bfc062723c751e8b465ee728b) [PhysX] Initialized MultithreadedTaskDispatcher with 8 workers.
 -> (artifact id: '1d4432d29fd53c359818a9481c2b3289') in 0.000450 seconds
Number of updated asset objects reloaded before import = 0
Number of asset objects unloaded after import = 0
========================================================================
Received Import Request.
  Time since last request: 321.987194 seconds.
  path: Assets/Models/Story1/Autos/Auto2/Auto2gris.fbx
  artifactKey: Guid(c417087f793abd148818a12f417bbcf3) Importer(815301076,1909f56bfc062723c751e8b465ee728b)
Start importing Assets/Models/Story1/Autos/Auto2/Auto2gris.fbx using Guid(c417087f793abd148818a12f417bbcf3) Importer(815301076,1909f56bfc062723c751e8b465ee728b) [PhysX] Initialized MultithreadedTaskDispatcher with 8 workers.
 -> (artifact id: '78c8a70ea8769856d6abcd7185cb2372') in 0.001908 seconds
Number of updated asset objects reloaded before import = 0
Number of asset objects unloaded after import = 4
========================================================================
Received Import Request.
  Time since last request: 67.816323 seconds.
  path: Assets/Models/Story1/Autos/Auto2/Auto2azul.fbx
  artifactKey: Guid(a15cefd145c9dc947a5a2eba897b8d7c) Importer(815301076,1909f56bfc062723c751e8b465ee728b)
Start importing Assets/Models/Story1/Autos/Auto2/Auto2azul.fbx using Guid(a15cefd145c9dc947a5a2eba897b8d7c) Importer(815301076,1909f56bfc062723c751e8b465ee728b) [PhysX] Initialized MultithreadedTaskDispatcher with 8 workers.
[PhysX] Initialized MultithreadedTaskDispatcher with 8 workers.
[PhysX] Initialized MultithreadedTaskDispatcher with 8 workers.
[PhysX] Initialized MultithreadedTaskDispatcher with 8 workers.
 -> (artifact id: '1b23e2f6eb6762b808785078c3b781b4') in 0.028518 seconds
Number of updated asset objects reloaded before import = 0
Number of asset objects unloaded after import = 8
========================================================================
Received Import Request.
  Time since last request: 49.406012 seconds.
  path: Assets/Models/Story1/Autos/Auto2/Auto2gris.fbx
  artifactKey: Guid(c417087f793abd148818a12f417bbcf3) Importer(815301076,1909f56bfc062723c751e8b465ee728b)
Start importing Assets/Models/Story1/Autos/Auto2/Auto2gris.fbx using Guid(c417087f793abd148818a12f417bbcf3) Importer(815301076,1909f56bfc062723c751e8b465ee728b) [PhysX] Initialized MultithreadedTaskDispatcher with 8 workers.
 -> (artifact id: '696cc79b3992dddc2a8046d5e90829d1') in 0.002186 seconds
Number of updated asset objects reloaded before import = 0
Number of asset objects unloaded after import = 4
========================================================================
Received Import Request.
  Time since last request: 38.124342 seconds.
  path: Assets/Models/Story1/Autos/Auto2/Auto2gris.fbx
  artifactKey: Guid(c417087f793abd148818a12f417bbcf3) Importer(815301076,1909f56bfc062723c751e8b465ee728b)
Start importing Assets/Models/Story1/Autos/Auto2/Auto2gris.fbx using Guid(c417087f793abd148818a12f417bbcf3) Importer(815301076,1909f56bfc062723c751e8b465ee728b) [PhysX] Initialized MultithreadedTaskDispatcher with 8 workers.
[PhysX] Initialized MultithreadedTaskDispatcher with 8 workers.
[PhysX] Initialized MultithreadedTaskDispatcher with 8 workers.
[PhysX] Initialized MultithreadedTaskDispatcher with 8 workers.
 -> (artifact id: 'bf2a6a0ba46d935bf7348f4f7945e4e1') in 0.023418 seconds
Number of updated asset objects reloaded before import = 0
Number of asset objects unloaded after import = 8
========================================================================
Received Import Request.
  Time since last request: 35.995764 seconds.
  path: Assets/Models/Story1/Autos/Auto2/Auto2verde.fbx
  artifactKey: Guid(678df9d41acac504c981cb6ee2d8d828) Importer(815301076,1909f56bfc062723c751e8b465ee728b)
Start importing Assets/Models/Story1/Autos/Auto2/Auto2verde.fbx using Guid(678df9d41acac504c981cb6ee2d8d828) Importer(815301076,1909f56bfc062723c751e8b465ee728b) [PhysX] Initialized MultithreadedTaskDispatcher with 8 workers.
[PhysX] Initialized MultithreadedTaskDispatcher with 8 workers.
[PhysX] Initialized MultithreadedTaskDispatcher with 8 workers.
[PhysX] Initialized MultithreadedTaskDispatcher with 8 workers.
 -> (artifact id: 'f8d089d3ef269c8b10e3df0d50867cfd') in 0.022846 seconds
Number of updated asset objects reloaded before import = 0
Number of asset objects unloaded after import = 8
